
**** Build of configuration Debug for project Project 9 ****

"C:\\ti\\ccs1280\\ccs\\utils\\bin\\gmake" -k -j 8 all -O 
 
Building file: "../Timer_Interrupts.c"
Invoking: MSP430 Compiler
"C:/ti/ccs1280/ccs/tools/compiler/ti-cgt-msp430_21.6.1.LTS/bin/cl430" -vmspx --use_hw_mpy=F5 --include_path="C:/ti/ccs1280/ccs/ccs_base/msp430/include" --include_path="D:/Downloads/Programming/MSP430-ECE306/Project 9B/Project 9" --include_path="C:/ti/ccs1280/ccs/tools/compiler/ti-cgt-msp430_21.6.1.LTS/include" --advice:power=all --advice:hw_config=all --define=__MSP430FR2355__ --define=_FRWP_ENABLE --define=_INFO_FRWP_ENABLE -g --printf_support=minimal --diag_warning=225 --diag_wrap=off --display_error_number --silicon_errata=CPU21 --silicon_errata=CPU22 --silicon_errata=CPU40 --preproc_with_compile --preproc_dependency="Timer_Interrupts.d_raw"  "../Timer_Interrupts.c"
"../Timer_Interrupts.c", line 19: remark #1535-D: (ULP 8.1) variable "CCR0_counter" is used as a constant. Recommend declaring variable as either 'static const' or 'const'
Finished building: "../Timer_Interrupts.c"
 
Building file: "../main.c"
Invoking: MSP430 Compiler
"C:/ti/ccs1280/ccs/tools/compiler/ti-cgt-msp430_21.6.1.LTS/bin/cl430" -vmspx --use_hw_mpy=F5 --include_path="C:/ti/ccs1280/ccs/ccs_base/msp430/include" --include_path="D:/Downloads/Programming/MSP430-ECE306/Project 9B/Project 9" --include_path="C:/ti/ccs1280/ccs/tools/compiler/ti-cgt-msp430_21.6.1.LTS/include" --advice:power=all --advice:hw_config=all --define=__MSP430FR2355__ --define=_FRWP_ENABLE --define=_INFO_FRWP_ENABLE -g --printf_support=minimal --diag_warning=225 --diag_wrap=off --display_error_number --silicon_errata=CPU21 --silicon_errata=CPU22 --silicon_errata=CPU40 --preproc_with_compile --preproc_dependency="main.d_raw"  "../main.c"
"../main.c", line 131: warning #225-D: function "Init_Serial_UCA1" declared implicitly
"../main.c", line 154: warning #225-D: function "motor_off" declared implicitly
"../main.c", line 212: warning #169-D: argument of type "volatile char *" is incompatible with parameter of type "char *__restrict__"
"../main.c", line 212: warning #169-D: argument of type "volatile char *" is incompatible with parameter of type "const char *__restrict__"
"../main.c", line 230: warning #169-D: argument of type "volatile char *" is incompatible with parameter of type "char *__restrict__"
"../main.c", line 230: warning #169-D: argument of type "volatile char *" is incompatible with parameter of type "const char *__restrict__"
"../main.c", line 251: warning #169-D: argument of type "volatile char *" is incompatible with parameter of type "char *__restrict__"
"../main.c", line 251: warning #169-D: argument of type "volatile char *" is incompatible with parameter of type "const char *__restrict__"
"../main.c", line 273: warning #169-D: argument of type "volatile char *" is incompatible with parameter of type "char *__restrict__"
"../main.c", line 273: warning #169-D: argument of type "volatile char *" is incompatible with parameter of type "const char *__restrict__"
"../main.c", line 317: warning #169-D: argument of type "volatile char *" is incompatible with parameter of type "char *__restrict__"
"../main.c", line 317: warning #169-D: argument of type "volatile char *" is incompatible with parameter of type "const char *__restrict__"
"../main.c", line 349: warning #169-D: argument of type "volatile char *" is incompatible with parameter of type "char *__restrict__"
"../main.c", line 349: warning #169-D: argument of type "volatile char *" is incompatible with parameter of type "const char *__restrict__"
"../main.c", line 394: warning #225-D: function "dispPrint" declared implicitly
"../main.c", line 459: warning #225-D: function "dispPrint" declared implicitly
"../main.c", line 476: warning #169-D: argument of type "volatile char *" is incompatible with parameter of type "const char *__restrict__"
"../main.c", line 478: warning #225-D: function "dispPrint" declared implicitly
"../main.c", line 490: warning #225-D: function "motor_run_backward" declared implicitly
"../main.c", line 491: warning #169-D: argument of type "volatile char *" is incompatible with parameter of type "const char *__restrict__"
"../main.c", line 504: warning #225-D: function "motor_run_right" declared implicitly
"../main.c", line 505: warning #169-D: argument of type "volatile char *" is incompatible with parameter of type "const char *__restrict__"
"../main.c", line 519: warning #225-D: function "motor_run_left" declared implicitly
"../main.c", line 520: warning #169-D: argument of type "volatile char *" is incompatible with parameter of type "const char *__restrict__"
"../main.c", line 217: remark #2553-D: (ULP 14.1) Array index (involving "vv") of type "int". Recommend using "unsigned int"
"../main.c", line 218: remark #2553-D: (ULP 14.1) Array index (involving "vv") of type "int". Recommend using "unsigned int"
"../main.c", line 402: remark #1544-D: (ULP 13.1) Detected loop counting up. Recommend loops count down as detecting zeros is easier
"../main.c", line 403: remark #2553-D: (ULP 14.1) Array index (involving "vv") of type "int". Recommend using "unsigned int"
"../main.c", line 410: remark #1544-D: (ULP 13.1) Detected loop counting up. Recommend loops count down as detecting zeros is easier
"../main.c", line 411: remark #2553-D: (ULP 14.1) Array index (involving "vv") of type "int". Recommend using "unsigned int"
"../main.c", line 418: remark #1544-D: (ULP 13.1) Detected loop counting up. Recommend loops count down as detecting zeros is easier
"../main.c", line 419: remark #2553-D: (ULP 14.1) Array index (involving "vv") of type "int". Recommend using "unsigned int"
"../main.c", line 426: remark #1544-D: (ULP 13.1) Detected loop counting up. Recommend loops count down as detecting zeros is easier
"../main.c", line 427: remark #2553-D: (ULP 14.1) Array index (involving "vv") of type "int". Recommend using "unsigned int"
"../main.c", line 435: remark #1544-D: (ULP 13.1) Detected loop counting up. Recommend loops count down as detecting zeros is easier
"../main.c", line 436: remark #2553-D: (ULP 14.1) Array index (involving "vv") of type "int". Recommend using "unsigned int"
"../main.c", line 217: remark #2553-D: (ULP 14.1) Array index (involving "vv") of type "int". Recommend using "unsigned int"
"../main.c", line 218: remark #2553-D: (ULP 14.1) Array index (involving "vv") of type "int". Recommend using "unsigned int"
"../main.c", line 402: remark #1544-D: (ULP 13.1) Detected loop counting up. Recommend loops count down as detecting zeros is easier
"../main.c", line 403: remark #2553-D: (ULP 14.1) Array index (involving "vv") of type "int". Recommend using "unsigned int"
"../main.c", line 410: remark #1544-D: (ULP 13.1) Detected loop counting up. Recommend loops count down as detecting zeros is easier
"../main.c", line 411: remark #2553-D: (ULP 14.1) Array index (involving "vv") of type "int". Recommend using "unsigned int"
"../main.c", line 418: remark #1544-D: (ULP 13.1) Detected loop counting up. Recommend loops count down as detecting zeros is easier
"../main.c", line 419: remark #2553-D: (ULP 14.1) Array index (involving "vv") of type "int". Recommend using "unsigned int"
"../main.c", line 426: remark #1544-D: (ULP 13.1) Detected loop counting up. Recommend loops count down as detecting zeros is easier
"../main.c", line 427: remark #2553-D: (ULP 14.1) Array index (involving "vv") of type "int". Recommend using "unsigned int"
"../main.c", line 435: remark #1544-D: (ULP 13.1) Detected loop counting up. Recommend loops count down as detecting zeros is easier
"../main.c", line 436: remark #2553-D: (ULP 14.1) Array index (involving "vv") of type "int". Recommend using "unsigned int"
"../main.c", line 217: remark #2553-D: (ULP 14.1) Array index (involving "vv") of type "int". Recommend using "unsigned int"
"../main.c", line 218: remark #2553-D: (ULP 14.1) Array index (involving "vv") of type "int". Recommend using "unsigned int"
"../main.c", line 402: remark #1544-D: (ULP 13.1) Detected loop counting up. Recommend loops count down as detecting zeros is easier
"../main.c", line 403: remark #2553-D: (ULP 14.1) Array index (involving "vv") of type "int". Recommend using "unsigned int"
"../main.c", line 410: remark #1544-D: (ULP 13.1) Detected loop counting up. Recommend loops count down as detecting zeros is easier
"../main.c", line 411: remark #2553-D: (ULP 14.1) Array index (involving "vv") of type "int". Recommend using "unsigned int"
"../main.c", line 418: remark #1544-D: (ULP 13.1) Detected loop counting up. Recommend loops count down as detecting zeros is easier
"../main.c", line 419: remark #2553-D: (ULP 14.1) Array index (involving "vv") of type "int". Recommend using "unsigned int"
"../main.c", line 426: remark #1544-D: (ULP 13.1) Detected loop counting up. Recommend loops count down as detecting zeros is easier
"../main.c", line 427: remark #2553-D: (ULP 14.1) Array index (involving "vv") of type "int". Recommend using "unsigned int"
"../main.c", line 435: remark #1544-D: (ULP 13.1) Detected loop counting up. Recommend loops count down as detecting zeros is easier
"../main.c", line 436: remark #2553-D: (ULP 14.1) Array index (involving "vv") of type "int". Recommend using "unsigned int"
"../main.c", line 402: remark #1544-D: (ULP 13.1) Detected loop counting up. Recommend loops count down as detecting zeros is easier
"../main.c", line 403: remark #2553-D: (ULP 14.1) Array index (involving "vv") of type "int". Recommend using "unsigned int"
"../main.c", line 410: remark #1544-D: (ULP 13.1) Detected loop counting up. Recommend loops count down as detecting zeros is easier
"../main.c", line 411: remark #2553-D: (ULP 14.1) Array index (involving "vv") of type "int". Recommend using "unsigned int"
"../main.c", line 418: remark #1544-D: (ULP 13.1) Detected loop counting up. Recommend loops count down as detecting zeros is easier
"../main.c", line 419: remark #2553-D: (ULP 14.1) Array index (involving "vv") of type "int". Recommend using "unsigned int"
"../main.c", line 426: remark #1544-D: (ULP 13.1) Detected loop counting up. Recommend loops count down as detecting zeros is easier
"../main.c", line 427: remark #2553-D: (ULP 14.1) Array index (involving "vv") of type "int". Recommend using "unsigned int"
"../main.c", line 435: remark #1544-D: (ULP 13.1) Detected loop counting up. Recommend loops count down as detecting zeros is easier
"../main.c", line 436: remark #2553-D: (ULP 14.1) Array index (involving "vv") of type "int". Recommend using "unsigned int"
"../main.c", line 402: remark #1544-D: (ULP 13.1) Detected loop counting up. Recommend loops count down as detecting zeros is easier
"../main.c", line 403: remark #2553-D: (ULP 14.1) Array index (involving "vv") of type "int". Recommend using "unsigned int"
"../main.c", line 410: remark #1544-D: (ULP 13.1) Detected loop counting up. Recommend loops count down as detecting zeros is easier
"../main.c", line 411: remark #2553-D: (ULP 14.1) Array index (involving "vv") of type "int". Recommend using "unsigned int"
"../main.c", line 418: remark #1544-D: (ULP 13.1) Detected loop counting up. Recommend loops count down as detecting zeros is easier
"../main.c", line 419: remark #2553-D: (ULP 14.1) Array index (involving "vv") of type "int". Recommend using "unsigned int"
"../main.c", line 426: remark #1544-D: (ULP 13.1) Detected loop counting up. Recommend loops count down as detecting zeros is easier
"../main.c", line 427: remark #2553-D: (ULP 14.1) Array index (involving "vv") of type "int". Recommend using "unsigned int"
"../main.c", line 435: remark #1544-D: (ULP 13.1) Detected loop counting up. Recommend loops count down as detecting zeros is easier
"../main.c", line 436: remark #2553-D: (ULP 14.1) Array index (involving "vv") of type "int". Recommend using "unsigned int"
"../main.c", line 550: warning #161-D: declaration is incompatible with previous "dispPrint" (declared at line 394)
"../main.c", line 580: remark #1544-D: (ULP 13.1) Detected loop counting up. Recommend loops count down as detecting zeros is easier
"../main.c", line 581: remark #2553-D: (ULP 14.1) Array index (involving "i") of type "int". Recommend using "unsigned int"
"../main.c", line 592: remark #2553-D: (ULP 14.1) Array index (involving "lineIndex") of type "int". Recommend using "unsigned int"
"../main.c", line 598: remark #2553-D: (ULP 14.1) Array index (involving "lineIndex") of type "int". Recommend using "unsigned int"
"../main.c", line 580: remark #1544-D: (ULP 13.1) Detected loop counting up. Recommend loops count down as detecting zeros is easier
"../main.c", line 581: remark #2553-D: (ULP 14.1) Array index (involving "i") of type "int". Recommend using "unsigned int"
"../main.c", line 592: remark #2553-D: (ULP 14.1) Array index (involving "lineIndex") of type "int". Recommend using "unsigned int"
"../main.c", line 51: remark #1535-D: (ULP 8.1) variable "wheel_move" is used as a constant. Recommend declaring variable as either 'static const' or 'const'
"../main.c", line 59: remark #1535-D: (ULP 8.1) variable "forward" is used as a constant. Recommend declaring variable as either 'static const' or 'const'
Finished building: "../main.c"
 
Building target: "Project 9.out"
Invoking: MSP430 Linker
"C:/ti/ccs1280/ccs/tools/compiler/ti-cgt-msp430_21.6.1.LTS/bin/cl430" -vmspx --use_hw_mpy=F5 --advice:power=all --advice:hw_config=all --define=__MSP430FR2355__ --define=_FRWP_ENABLE --define=_INFO_FRWP_ENABLE -g --printf_support=minimal --diag_warning=225 --diag_wrap=off --display_error_number --silicon_errata=CPU21 --silicon_errata=CPU22 --silicon_errata=CPU40 -z -m"Project 9.map" --heap_size=160 --stack_size=160 --cinit_hold_wdt=on -i"C:/ti/ccs1280/ccs/ccs_base/msp430/include" -i"C:/ti/ccs1280/ccs/ccs_base/msp430/lib/FR2xx" -i"C:/ti/ccs1280/ccs/tools/compiler/ti-cgt-msp430_21.6.1.LTS/lib" -i"C:/ti/ccs1280/ccs/tools/compiler/ti-cgt-msp430_21.6.1.LTS/include" --priority --reread_libs --define=_FRWP_ENABLE --define=_INFO_FRWP_ENABLE --diag_wrap=off --display_error_number --warn_sections --xml_link_info="Project 9_linkInfo.xml" --use_hw_mpy=F5 --rom_model -o "Project 9.out" "./ADC.obj" "./Ports_Interrupts.obj" "./StateMachine.obj" "./Switches.obj" "./Timer_Interrupts.obj" "./Timers.obj" "./adc_interrupts.obj" "./clocks.obj" "./init.obj" "./led.obj" "./main.obj" "./ports.obj" "./serial.obj" "./wheels.obj" "../Compiled/LCD.obj" "../Compiled/system.obj" "../lnk_msp430fr2355.cmd"  -lfrwp_init.a -llibc.a 
<Linking>
remark #10372-D: (ULP 4.1) Detected uninitialized Port A in this project. Recommend initializing all unused ports to eliminate wasted current consumption on unused pins.
remark #10372-D: (ULP 4.1) Detected uninitialized Port B in this project. Recommend initializing all unused ports to eliminate wasted current consumption on unused pins.
remark #10372-D: (ULP 4.1) Detected uninitialized Port C in this project. Recommend initializing all unused ports to eliminate wasted current consumption on unused pins.
remark #10422-D: (ULP 6.2) Detected use of a device with available 32-bit hardware multiplier and not also using MSPMATHLIB library (libmath.a).  Recommend using MSPMATHLIB library (libmath.a) for improved performance.
Finished building target: "Project 9.out"
 

**** Build Finished ****
