
**** Build of configuration Debug for project PROJ_04.cc ****

"C:\\ti\\ccs1280\\ccs\\utils\\bin\\gmake" -k -j 8 all -O 
 
Building file: "../Serial.c"
Invoking: MSP430 Compiler
"C:/ti/ccs1280/ccs/tools/compiler/ti-cgt-msp430_21.6.1.LTS/bin/cl430" -vmspx --use_hw_mpy=F5 --include_path="C:/ti/ccs1280/ccs/ccs_base/msp430/include" --include_path="D:/Downloads/Programming/MSP430-ECE306/HW8_WS/PROJ_04.cc" --include_path="C:/ti/ccs1280/ccs/tools/compiler/ti-cgt-msp430_21.6.1.LTS/include" --advice:power=all --advice:hw_config=all --define=__MSP430FR2355__ --define=_FRWP_ENABLE --define=_INFO_FRWP_ENABLE -g --printf_support=minimal --diag_warning=225 --diag_wrap=off --display_error_number --silicon_errata=CPU21 --silicon_errata=CPU22 --silicon_errata=CPU40 --preproc_with_compile --preproc_dependency="Serial.d_raw"  "../Serial.c"
"../Serial.c", line 90: remark #1544-D: (ULP 13.1) Detected loop counting up. Recommend loops count down as detecting zeros is easier
"../Serial.c", line 91: remark #2553-D: (ULP 14.1) Array index (involving "i") of type "int". Recommend using "unsigned int"
"../Serial.c", line 97: remark #1544-D: (ULP 13.1) Detected loop counting up. Recommend loops count down as detecting zeros is easier
"../Serial.c", line 98: remark #2553-D: (ULP 14.1) Array index (involving "i") of type "int". Recommend using "unsigned int"
"../Serial.c", line 149: remark #1544-D: (ULP 13.1) Detected loop counting up. Recommend loops count down as detecting zeros is easier
"../Serial.c", line 150: remark #2553-D: (ULP 14.1) Array index (involving "i") of type "int". Recommend using "unsigned int"
"../Serial.c", line 156: remark #1544-D: (ULP 13.1) Detected loop counting up. Recommend loops count down as detecting zeros is easier
"../Serial.c", line 157: remark #2553-D: (ULP 14.1) Array index (involving "i") of type "int". Recommend using "unsigned int"
"../Serial.c", line 17: remark #1535-D: (ULP 8.1) variable "ip_mac" is used as a constant. Recommend declaring variable as either 'static const' or 'const'
Finished building: "../Serial.c"
 
Building file: "../main.c"
Invoking: MSP430 Compiler
"C:/ti/ccs1280/ccs/tools/compiler/ti-cgt-msp430_21.6.1.LTS/bin/cl430" -vmspx --use_hw_mpy=F5 --include_path="C:/ti/ccs1280/ccs/ccs_base/msp430/include" --include_path="D:/Downloads/Programming/MSP430-ECE306/HW8_WS/PROJ_04.cc" --include_path="C:/ti/ccs1280/ccs/tools/compiler/ti-cgt-msp430_21.6.1.LTS/include" --advice:power=all --advice:hw_config=all --define=__MSP430FR2355__ --define=_FRWP_ENABLE --define=_INFO_FRWP_ENABLE -g --printf_support=minimal --diag_warning=225 --diag_wrap=off --display_error_number --silicon_errata=CPU21 --silicon_errata=CPU22 --silicon_errata=CPU40 --preproc_with_compile --preproc_dependency="main.d_raw"  "../main.c"
"..\LCD.h", line 46: warning #48-D: incompatible redefinition of macro "NULL" (declared at line 60 of "C:/ti/ccs1280/ccs/tools/compiler/ti-cgt-msp430_21.6.1.LTS/include/string.h")
"../main.c", line 165: warning #43-D: operand types are incompatible ("char" and "void *")
"../main.c", line 138: remark #1544-D: (ULP 13.1) Detected loop counting up. Recommend loops count down as detecting zeros is easier
"../main.c", line 139: remark #2553-D: (ULP 14.1) Array index (involving "i") of type "int". Recommend using "unsigned int"
"../main.c", line 178: remark #1544-D: (ULP 13.1) Detected loop counting up. Recommend loops count down as detecting zeros is easier
"../main.c", line 201: remark #1544-D: (ULP 13.1) Detected loop counting up. Recommend loops count down as detecting zeros is easier
"../main.c", line 202: remark #2553-D: (ULP 14.1) Array index (involving "i") of type "int". Recommend using "unsigned int"
"../main.c", line 202: remark #2553-D: (ULP 14.1) Array index (involving "i") of type "int". Recommend using "unsigned int"
"../main.c", line 204: remark #1544-D: (ULP 13.1) Detected loop counting up. Recommend loops count down as detecting zeros is easier
"../main.c", line 205: remark #2553-D: (ULP 14.1) Array index (involving "i") of type "int". Recommend using "unsigned int"
"../main.c", line 213: remark #1544-D: (ULP 13.1) Detected loop counting up. Recommend loops count down as detecting zeros is easier
"../main.c", line 214: remark #2553-D: (ULP 14.1) Array index (involving "i") of type "int". Recommend using "unsigned int"
"../main.c", line 215: remark #2553-D: (ULP 14.1) Array index (involving "i") of type "int". Recommend using "unsigned int"
"../main.c", line 178: remark #1544-D: (ULP 13.1) Detected loop counting up. Recommend loops count down as detecting zeros is easier
"../main.c", line 201: remark #1544-D: (ULP 13.1) Detected loop counting up. Recommend loops count down as detecting zeros is easier
"../main.c", line 202: remark #2553-D: (ULP 14.1) Array index (involving "i") of type "int". Recommend using "unsigned int"
"../main.c", line 202: remark #2553-D: (ULP 14.1) Array index (involving "i") of type "int". Recommend using "unsigned int"
"../main.c", line 204: remark #1544-D: (ULP 13.1) Detected loop counting up. Recommend loops count down as detecting zeros is easier
"../main.c", line 205: remark #2553-D: (ULP 14.1) Array index (involving "i") of type "int". Recommend using "unsigned int"
"../main.c", line 213: remark #1544-D: (ULP 13.1) Detected loop counting up. Recommend loops count down as detecting zeros is easier
"../main.c", line 214: remark #2553-D: (ULP 14.1) Array index (involving "i") of type "int". Recommend using "unsigned int"
"../main.c", line 215: remark #2553-D: (ULP 14.1) Array index (involving "i") of type "int". Recommend using "unsigned int"
"../main.c", line 178: remark #1544-D: (ULP 13.1) Detected loop counting up. Recommend loops count down as detecting zeros is easier
"../main.c", line 201: remark #1544-D: (ULP 13.1) Detected loop counting up. Recommend loops count down as detecting zeros is easier
"../main.c", line 202: remark #2553-D: (ULP 14.1) Array index (involving "i") of type "int". Recommend using "unsigned int"
"../main.c", line 202: remark #2553-D: (ULP 14.1) Array index (involving "i") of type "int". Recommend using "unsigned int"
"../main.c", line 204: remark #1544-D: (ULP 13.1) Detected loop counting up. Recommend loops count down as detecting zeros is easier
"../main.c", line 205: remark #2553-D: (ULP 14.1) Array index (involving "i") of type "int". Recommend using "unsigned int"
"../main.c", line 213: remark #1544-D: (ULP 13.1) Detected loop counting up. Recommend loops count down as detecting zeros is easier
"../main.c", line 214: remark #2553-D: (ULP 14.1) Array index (involving "i") of type "int". Recommend using "unsigned int"
"../main.c", line 215: remark #2553-D: (ULP 14.1) Array index (involving "i") of type "int". Recommend using "unsigned int"
"../main.c", line 272: remark #2553-D: (ULP 14.1) Array index (involving "character") of type "int". Recommend using "unsigned int"
"../main.c", line 277: remark #2553-D: (ULP 14.1) Array index (involving "character") of type "int". Recommend using "unsigned int"
"../main.c", line 291: remark #2553-D: (ULP 14.1) Array index (involving "character") of type "int". Recommend using "unsigned int"
"../main.c", line 303: remark #2553-D: (ULP 14.1) Array index (involving "character") of type "int". Recommend using "unsigned int"
"../main.c", line 305: remark #1544-D: (ULP 13.1) Detected loop counting up. Recommend loops count down as detecting zeros is easier
"../main.c", line 306: remark #2553-D: (ULP 14.1) Array index (involving "i") of type "int". Recommend using "unsigned int"
"../main.c", line 306: remark #2553-D: (ULP 14.1) Array index (involving "i") of type "int". Recommend using "unsigned int"
"../main.c", line 314: remark #2553-D: (ULP 14.1) Array index (involving "character") of type "int". Recommend using "unsigned int"
"../main.c", line 316: remark #1544-D: (ULP 13.1) Detected loop counting up. Recommend loops count down as detecting zeros is easier
"../main.c", line 317: remark #2553-D: (ULP 14.1) Array index (involving "i") of type "int". Recommend using "unsigned int"
"../main.c", line 317: remark #2553-D: (ULP 14.1) Array index (involving "i") of type "int". Recommend using "unsigned int"
"../main.c", line 326: remark #2553-D: (ULP 14.1) Array index (involving "character") of type "int". Recommend using "unsigned int"
"../main.c", line 330: remark #1544-D: (ULP 13.1) Detected loop counting up. Recommend loops count down as detecting zeros is easier
"../main.c", line 331: remark #2553-D: (ULP 14.1) Array index (involving "i") of type "int". Recommend using "unsigned int"
"../main.c", line 272: remark #2553-D: (ULP 14.1) Array index (involving "character") of type "int". Recommend using "unsigned int"
"../main.c", line 277: remark #2553-D: (ULP 14.1) Array index (involving "character") of type "int". Recommend using "unsigned int"
"../main.c", line 291: remark #2553-D: (ULP 14.1) Array index (involving "character") of type "int". Recommend using "unsigned int"
"../main.c", line 303: remark #2553-D: (ULP 14.1) Array index (involving "character") of type "int". Recommend using "unsigned int"
"../main.c", line 305: remark #1544-D: (ULP 13.1) Detected loop counting up. Recommend loops count down as detecting zeros is easier
"../main.c", line 306: remark #2553-D: (ULP 14.1) Array index (involving "i") of type "int". Recommend using "unsigned int"
"../main.c", line 306: remark #2553-D: (ULP 14.1) Array index (involving "i") of type "int". Recommend using "unsigned int"
"../main.c", line 314: remark #2553-D: (ULP 14.1) Array index (involving "character") of type "int". Recommend using "unsigned int"
"../main.c", line 316: remark #1544-D: (ULP 13.1) Detected loop counting up. Recommend loops count down as detecting zeros is easier
"../main.c", line 317: remark #2553-D: (ULP 14.1) Array index (involving "i") of type "int". Recommend using "unsigned int"
"../main.c", line 317: remark #2553-D: (ULP 14.1) Array index (involving "i") of type "int". Recommend using "unsigned int"
"../main.c", line 326: remark #2553-D: (ULP 14.1) Array index (involving "character") of type "int". Recommend using "unsigned int"
"../main.c", line 330: remark #1544-D: (ULP 13.1) Detected loop counting up. Recommend loops count down as detecting zeros is easier
"../main.c", line 331: remark #2553-D: (ULP 14.1) Array index (involving "i") of type "int". Recommend using "unsigned int"
"../main.c", line 291: remark #2553-D: (ULP 14.1) Array index (involving "character") of type "int". Recommend using "unsigned int"
"../main.c", line 303: remark #2553-D: (ULP 14.1) Array index (involving "character") of type "int". Recommend using "unsigned int"
"../main.c", line 305: remark #1544-D: (ULP 13.1) Detected loop counting up. Recommend loops count down as detecting zeros is easier
"../main.c", line 306: remark #2553-D: (ULP 14.1) Array index (involving "i") of type "int". Recommend using "unsigned int"
"../main.c", line 306: remark #2553-D: (ULP 14.1) Array index (involving "i") of type "int". Recommend using "unsigned int"
"../main.c", line 314: remark #2553-D: (ULP 14.1) Array index (involving "character") of type "int". Recommend using "unsigned int"
"../main.c", line 316: remark #1544-D: (ULP 13.1) Detected loop counting up. Recommend loops count down as detecting zeros is easier
"../main.c", line 317: remark #2553-D: (ULP 14.1) Array index (involving "i") of type "int". Recommend using "unsigned int"
"../main.c", line 317: remark #2553-D: (ULP 14.1) Array index (involving "i") of type "int". Recommend using "unsigned int"
"../main.c", line 326: remark #2553-D: (ULP 14.1) Array index (involving "character") of type "int". Recommend using "unsigned int"
"../main.c", line 330: remark #1544-D: (ULP 13.1) Detected loop counting up. Recommend loops count down as detecting zeros is easier
"../main.c", line 331: remark #2553-D: (ULP 14.1) Array index (involving "i") of type "int". Recommend using "unsigned int"
"../main.c", line 291: remark #2553-D: (ULP 14.1) Array index (involving "character") of type "int". Recommend using "unsigned int"
"../main.c", line 303: remark #2553-D: (ULP 14.1) Array index (involving "character") of type "int". Recommend using "unsigned int"
"../main.c", line 305: remark #1544-D: (ULP 13.1) Detected loop counting up. Recommend loops count down as detecting zeros is easier
"../main.c", line 306: remark #2553-D: (ULP 14.1) Array index (involving "i") of type "int". Recommend using "unsigned int"
"../main.c", line 306: remark #2553-D: (ULP 14.1) Array index (involving "i") of type "int". Recommend using "unsigned int"
"../main.c", line 314: remark #2553-D: (ULP 14.1) Array index (involving "character") of type "int". Recommend using "unsigned int"
"../main.c", line 316: remark #1544-D: (ULP 13.1) Detected loop counting up. Recommend loops count down as detecting zeros is easier
"../main.c", line 317: remark #2553-D: (ULP 14.1) Array index (involving "i") of type "int". Recommend using "unsigned int"
"../main.c", line 317: remark #2553-D: (ULP 14.1) Array index (involving "i") of type "int". Recommend using "unsigned int"
"../main.c", line 326: remark #2553-D: (ULP 14.1) Array index (involving "character") of type "int". Recommend using "unsigned int"
"../main.c", line 330: remark #1544-D: (ULP 13.1) Detected loop counting up. Recommend loops count down as detecting zeros is easier
"../main.c", line 331: remark #2553-D: (ULP 14.1) Array index (involving "i") of type "int". Recommend using "unsigned int"
"../main.c", line 305: remark #1544-D: (ULP 13.1) Detected loop counting up. Recommend loops count down as detecting zeros is easier
"../main.c", line 306: remark #2553-D: (ULP 14.1) Array index (involving "i") of type "int". Recommend using "unsigned int"
"../main.c", line 306: remark #2553-D: (ULP 14.1) Array index (involving "i") of type "int". Recommend using "unsigned int"
"../main.c", line 316: remark #1544-D: (ULP 13.1) Detected loop counting up. Recommend loops count down as detecting zeros is easier
"../main.c", line 317: remark #2553-D: (ULP 14.1) Array index (involving "i") of type "int". Recommend using "unsigned int"
"../main.c", line 317: remark #2553-D: (ULP 14.1) Array index (involving "i") of type "int". Recommend using "unsigned int"
"../main.c", line 330: remark #1544-D: (ULP 13.1) Detected loop counting up. Recommend loops count down as detecting zeros is easier
"../main.c", line 331: remark #2553-D: (ULP 14.1) Array index (involving "i") of type "int". Recommend using "unsigned int"
Finished building: "../main.c"
 
Building target: "PROJ_04.cc.out"
Invoking: MSP430 Linker
"C:/ti/ccs1280/ccs/tools/compiler/ti-cgt-msp430_21.6.1.LTS/bin/cl430" -vmspx --use_hw_mpy=F5 --advice:power=all --advice:hw_config=all --define=__MSP430FR2355__ --define=_FRWP_ENABLE --define=_INFO_FRWP_ENABLE -g --printf_support=minimal --diag_warning=225 --diag_wrap=off --display_error_number --silicon_errata=CPU21 --silicon_errata=CPU22 --silicon_errata=CPU40 -z -m"PROJ_04.cc.map" --heap_size=160 --stack_size=160 --cinit_hold_wdt=on -i"C:/ti/ccs1280/ccs/ccs_base/msp430/include" -i"C:/ti/ccs1280/ccs/ccs_base/msp430/lib/FR2xx" -i"C:/ti/ccs1280/ccs/tools/compiler/ti-cgt-msp430_21.6.1.LTS/lib" -i"C:/ti/ccs1280/ccs/tools/compiler/ti-cgt-msp430_21.6.1.LTS/include" --priority --reread_libs --define=_FRWP_ENABLE --define=_INFO_FRWP_ENABLE --diag_wrap=off --display_error_number --warn_sections --xml_link_info="PROJ_04.cc_linkInfo.xml" --use_hw_mpy=F5 --rom_model -o "PROJ_04.cc.out" "./ADC.obj" "./DAC.obj" "./Display.obj" "./Serial.obj" "./StateMachine.obj" "./clocks.obj" "./init.obj" "./led.obj" "./main.obj" "./movement.obj" "./ports.obj" "./reset.obj" "./switches.obj" "./system.obj" "./timer.obj" "../Compiled/LCD.obj" "../lnk_msp430fr2355.cmd"  -lfrwp_init.a -llibc.a 
<Linking>
remark #10372-D: (ULP 4.1) Detected uninitialized Port A in this project. Recommend initializing all unused ports to eliminate wasted current consumption on unused pins.
remark #10372-D: (ULP 4.1) Detected uninitialized Port B in this project. Recommend initializing all unused ports to eliminate wasted current consumption on unused pins.
remark #10372-D: (ULP 4.1) Detected uninitialized Port C in this project. Recommend initializing all unused ports to eliminate wasted current consumption on unused pins.
remark #10422-D: (ULP 6.2) Detected use of a device with available 32-bit hardware multiplier and not also using MSPMATHLIB library (libmath.a).  Recommend using MSPMATHLIB library (libmath.a) for improved performance.
Finished building target: "PROJ_04.cc.out"
 

**** Build Finished ****
