
**** Build of configuration Debug for project PRJ9C ****

"C:\\Users\\price\\ECE306\\ccs\\utils\\bin\\gmake" -k -j 20 all -O 
 
Building file: "../main.c"
Invoking: MSP430 Compiler
"C:/Users/price/ECE306/ccs/tools/compiler/ti-cgt-msp430_21.6.1.LTS/bin/cl430" -vmspx --use_hw_mpy=F5 --include_path="C:/Users/price/ECE306/ccs/ccs_base/msp430/include" --include_path="C:/Users/price/ECE306/PRJ9C/PRJ9C" --include_path="C:/Users/price/ECE306/ccs/tools/compiler/ti-cgt-msp430_21.6.1.LTS/include" --advice:power=all --advice:hw_config=all --define=__MSP430FR2355__ --define=_FRWP_ENABLE --define=_INFO_FRWP_ENABLE -g --printf_support=minimal --diag_warning=225 --diag_wrap=off --display_error_number --silicon_errata=CPU21 --silicon_errata=CPU22 --silicon_errata=CPU40 --preproc_with_compile --preproc_dependency="main.d_raw"  "../main.c"
"..\Include\LCD.h", line 45: warning #48-D: incompatible redefinition of macro "NULL" (declared at line 60 of "C:/Users/price/ECE306/ccs/tools/compiler/ti-cgt-msp430_21.6.1.LTS/include/string.h")
"../main.c", line 39: remark #1535-D: (ULP 8.1) variable "one_time" is used as a constant. Recommend declaring variable as either 'static const' or 'const'
"../main.c", line 45: remark #1535-D: (ULP 8.1) variable "wheel_move" is used as a constant. Recommend declaring variable as either 'static const' or 'const'
"../main.c", line 46: remark #1535-D: (ULP 8.1) variable "forward" is used as a constant. Recommend declaring variable as either 'static const' or 'const'
"../main.c", line 69: remark #1535-D: (ULP 8.1) variable "Bringing_Up" is used as a constant. Recommend declaring variable as either 'static const' or 'const'
"../main.c", line 70: remark #1535-D: (ULP 8.1) variable "SW1pressed" is used as a constant. Recommend declaring variable as either 'static const' or 'const'
"../main.c", line 71: remark #1535-D: (ULP 8.1) variable "SW2pressed" is used as a constant. Recommend declaring variable as either 'static const' or 'const'
"../main.c", line 72: remark #1535-D: (ULP 8.1) variable "speed" is used as a constant. Recommend declaring variable as either 'static const' or 'const'
"../main.c", line 73: remark #1535-D: (ULP 8.1) variable "tb_index" is used as a constant. Recommend declaring variable as either 'static const' or 'const'
"../main.c", line 74: remark #1535-D: (ULP 8.1) variable "display_index" is used as a constant. Recommend declaring variable as either 'static const' or 'const'
"../main.c", line 77: remark #1535-D: (ULP 8.1) variable "pb_index" is used as a constant. Recommend declaring variable as either 'static const' or 'const'
"../main.c", line 78: remark #1535-D: (ULP 8.1) variable "TRANSMITTING" is used as a constant. Recommend declaring variable as either 'static const' or 'const'
"../main.c", line 79: remark #1535-D: (ULP 8.1) variable "STARTCOUNT" is used as a constant. Recommend declaring variable as either 'static const' or 'const'
Finished building: "../main.c"
 
Building file: "../Serial.c"
Invoking: MSP430 Compiler
"C:/Users/price/ECE306/ccs/tools/compiler/ti-cgt-msp430_21.6.1.LTS/bin/cl430" -vmspx --use_hw_mpy=F5 --include_path="C:/Users/price/ECE306/ccs/ccs_base/msp430/include" --include_path="C:/Users/price/ECE306/PRJ9C/PRJ9C" --include_path="C:/Users/price/ECE306/ccs/tools/compiler/ti-cgt-msp430_21.6.1.LTS/include" --advice:power=all --advice:hw_config=all --define=__MSP430FR2355__ --define=_FRWP_ENABLE --define=_INFO_FRWP_ENABLE -g --printf_support=minimal --diag_warning=225 --diag_wrap=off --display_error_number --silicon_errata=CPU21 --silicon_errata=CPU22 --silicon_errata=CPU40 --preproc_with_compile --preproc_dependency="Serial.d_raw"  "../Serial.c"
"..\Include\LCD.h", line 45: warning #48-D: incompatible redefinition of macro "NULL" (declared at line 60 of "C:/Users/price/ECE306/ccs/tools/compiler/ti-cgt-msp430_21.6.1.LTS/include/string.h")
"../Serial.c", line 187: remark #1544-D: (ULP 13.1) Detected loop counting up. Recommend loops count down as detecting zeros is easier
"../Serial.c", line 187: remark #1544-D: (ULP 13.1) Detected loop counting up. Recommend loops count down as detecting zeros is easier
"../Serial.c", line 187: remark #1544-D: (ULP 13.1) Detected loop counting up. Recommend loops count down as detecting zeros is easier
Finished building: "../Serial.c"
 
Building target: "PRJ9C.out"
Invoking: MSP430 Linker
"C:/Users/price/ECE306/ccs/tools/compiler/ti-cgt-msp430_21.6.1.LTS/bin/cl430" -vmspx --use_hw_mpy=F5 --advice:power=all --advice:hw_config=all --define=__MSP430FR2355__ --define=_FRWP_ENABLE --define=_INFO_FRWP_ENABLE -g --printf_support=minimal --diag_warning=225 --diag_wrap=off --display_error_number --silicon_errata=CPU21 --silicon_errata=CPU22 --silicon_errata=CPU40 -z -m"PRJ9C.map" --heap_size=160 --stack_size=160 --cinit_hold_wdt=on -i"C:/Users/price/ECE306/ccs/ccs_base/msp430/include" -i"C:/Users/price/ECE306/ccs/ccs_base/msp430/lib/FR2xx" -i"C:/Users/price/ECE306/ccs/tools/compiler/ti-cgt-msp430_21.6.1.LTS/lib" -i"C:/Users/price/ECE306/ccs/tools/compiler/ti-cgt-msp430_21.6.1.LTS/include" --priority --reread_libs --define=_FRWP_ENABLE --define=_INFO_FRWP_ENABLE --diag_wrap=off --display_error_number --warn_sections --xml_link_info="PRJ9C_linkInfo.xml" --use_hw_mpy=F5 --rom_model -o "PRJ9C.out" "./ADC.obj" "./DAC.obj" "./Display.obj" "./IOT.obj" "./Serial.obj" "./clocks.obj" "./init.obj" "./led.obj" "./main.obj" "./ports.obj" "./shapes.obj" "./switches.obj" "./switchesISR.obj" "./systems.obj" "./wheels.obj" "../Compiled/LCD.obj" "../lnk_msp430fr2355.cmd"  -lfrwp_init.a -llibc.a 
<Linking>
remark #10372-D: (ULP 4.1) Detected uninitialized Port A in this project. Recommend initializing all unused ports to eliminate wasted current consumption on unused pins.
remark #10372-D: (ULP 4.1) Detected uninitialized Port B in this project. Recommend initializing all unused ports to eliminate wasted current consumption on unused pins.
remark #10372-D: (ULP 4.1) Detected uninitialized Port C in this project. Recommend initializing all unused ports to eliminate wasted current consumption on unused pins.
remark #10422-D: (ULP 6.2) Detected use of a device with available 32-bit hardware multiplier and not also using MSPMATHLIB library (libmath.a).  Recommend using MSPMATHLIB library (libmath.a) for improved performance.
Finished building target: "PRJ9C.out"
 

**** Build Finished ****
