
**** Build of configuration Debug for project Project03 cc ****

"C:\\ti\\ccs1280\\ccs\\utils\\bin\\gmake" -k -j 8 all -O 
 
Building file: "../._ADC.c"
Invoking: MSP430 Compiler
"C:/ti/ccs1280/ccs/tools/compiler/ti-cgt-msp430_21.6.1.LTS/bin/cl430" -vmspx --use_hw_mpy=F5 --include_path="C:/ti/ccs1280/ccs/ccs_base/msp430/include" --include_path="D:/Downloads/Programming/MSP430-ECE306/Project10K/Project03 cc" --include_path="C:/ti/ccs1280/ccs/tools/compiler/ti-cgt-msp430_21.6.1.LTS/include" --advice:power=all --advice:hw_config=all --define=__MSP430FR2355__ --define=_FRWP_ENABLE --define=_INFO_FRWP_ENABLE -g --printf_support=minimal --diag_warning=225 --diag_wrap=off --display_error_number --silicon_errata=CPU21 --silicon_errata=CPU22 --silicon_errata=CPU40 --preproc_with_compile --preproc_dependency="._ADC.d_raw"  "../._ADC.c"
 
>> Compilation failure
subdir_rules.mk:9: recipe for target '._ADC.obj' failed
"../._ADC.c", line 1: warning #1-D: last line of file ends without a newline
"../._ADC.c", line 1: warning #1268-D: null (zero) character in input line ignored
"../._ADC.c", line 1: error #7: unrecognized token
"../._ADC.c", line 1: error #171: expected a declaration
"../._ADC.c", line 1: error #7: unrecognized token
"../._ADC.c", line 1: error #7: unrecognized token
"../._ADC.c", line 1: warning #1268-D: null (zero) character in input line ignored
"../._ADC.c", line 1: error #7: unrecognized token
"../._ADC.c", line 1: warning #1268-D: null (zero) character in input line ignored
"../._ADC.c", line 1: warning #1268-D: null (zero) character in input line ignored
"../._ADC.c", line 1: warning #1268-D: null (zero) character in input line ignored
"../._ADC.c", line 1: error #7: unrecognized token
"../._ADC.c", line 1: warning #1268-D: null (zero) character in input line ignored
"../._ADC.c", line 1: warning #1268-D: null (zero) character in input line ignored
"../._ADC.c", line 1: warning #1268-D: null (zero) character in input line ignored
"../._ADC.c", line 1: warning #1268-D: null (zero) character in input line ignored
"../._ADC.c", line 1: warning #1268-D: null (zero) character in input line ignored
"../._ADC.c", line 1: warning #1268-D: null (zero) character in input line ignored
"../._ADC.c", line 1: warning #1268-D: null (zero) character in input line ignored
"../._ADC.c", line 1: warning #1268-D: null (zero) character in input line ignored
"../._ADC.c", line 1: error #7: unrecognized token
"../._ADC.c", line 1: error #7: unrecognized token
"../._ADC.c", line 1: warning #1268-D: null (zero) character in input line ignored
"../._ADC.c", line 1: warning #1268-D: null (zero) character in input line ignored
"../._ADC.c", line 1: warning #1268-D: null (zero) character in input line ignored
"../._ADC.c", line 1: error #7: unrecognized token
"../._ADC.c", line 1: warning #1268-D: null (zero) character in input line ignored
"../._ADC.c", line 1: warning #1268-D: null (zero) character in input line ignored
"../._ADC.c", line 1: error #7: unrecognized token
"../._ADC.c", line 1: warning #1268-D: null (zero) character in input line ignored
"../._ADC.c", line 1: warning #1268-D: null (zero) character in input line ignored
"../._ADC.c", line 1: error #7: unrecognized token
"../._ADC.c", line 1: error #7: unrecognized token
"../._ADC.c", line 1: warning #1268-D: null (zero) character in input line ignored
"../._ADC.c", line 1: warning #1268-D: null (zero) character in input line ignored
"../._ADC.c", line 1: warning #1268-D: null (zero) character in input line ignored
"../._ADC.c", line 1: warning #1268-D: null (zero) character in input line ignored
"../._ADC.c", line 1: warning #1268-D: null (zero) character in input line ignored
"../._ADC.c", line 1: warning #1268-D: null (zero) character in input line ignored
"../._ADC.c", line 1: warning #1268-D: null (zero) character in input line ignored
"../._ADC.c", line 1: warning #1268-D: null (zero) character in input line ignored
"../._ADC.c", line 1: warning #1268-D: null (zero) character in input line ignored
"../._ADC.c", line 1: warning #1268-D: null (zero) character in input line ignored
"../._ADC.c", line 1: warning #1268-D: null (zero) character in input line ignored
"../._ADC.c", line 1: warning #1268-D: null (zero) character in input line ignored
"../._ADC.c", line 1: warning #1268-D: null (zero) character in input line ignored
"../._ADC.c", line 1: warning #1268-D: null (zero) character in input line ignored
"../._ADC.c", line 1: warning #1268-D: null (zero) character in input line ignored
"../._ADC.c", line 1: warning #1268-D: null (zero) character in input line ignored
"../._ADC.c", line 1: warning #1268-D: null (zero) character in input line ignored
"../._ADC.c", line 1: warning #1268-D: null (zero) character in input line ignored
"../._ADC.c", line 1: warning #1268-D: null (zero) character in input line ignored
"../._ADC.c", line 1: warning #1268-D: null (zero) character in input line ignored
"../._ADC.c", line 1: warning #1268-D: null (zero) character in input line ignored
"../._ADC.c", line 1: warning #1268-D: null (zero) character in input line ignored
"../._ADC.c", line 1: warning #1268-D: null (zero) character in input line ignored
"../._ADC.c", line 1: warning #1268-D: null (zero) character in input line ignored
"../._ADC.c", line 1: warning #1268-D: null (zero) character in input line ignored
"../._ADC.c", line 1: warning #1268-D: null (zero) character in input line ignored
"../._ADC.c", line 1: warning #1268-D: null (zero) character in input line ignored
"../._ADC.c", line 1: warning #1268-D: null (zero) character in input line ignored
"../._ADC.c", line 1: warning #1268-D: null (zero) character in input line ignored
"../._ADC.c", line 1: warning #1268-D: null (zero) character in input line ignored
"../._ADC.c", line 1: warning #1268-D: null (zero) character in input line ignored
"../._ADC.c", line 1: warning #1268-D: null (zero) character in input line ignored
"../._ADC.c", line 1: warning #1268-D: null (zero) character in input line ignored
"../._ADC.c", line 1: warning #1268-D: null (zero) character in input line ignored
"../._ADC.c", line 1: warning #1268-D: null (zero) character in input line ignored
"../._ADC.c", line 1: warning #1268-D: null (zero) character in input line ignored
"../._ADC.c", line 1: error #7: unrecognized token
"../._ADC.c", line 1: warning #1268-D: null (zero) character in input line ignored
"../._ADC.c", line 1: warning #1268-D: null (zero) character in input line ignored
"../._ADC.c", line 1: warning #1268-D: null (zero) character in input line ignored
"../._ADC.c", line 1: warning #1268-D: null (zero) character in input line ignored
"../._ADC.c", line 1: warning #1268-D: null (zero) character in input line ignored
"../._ADC.c", line 1: warning #1268-D: null (zero) character in input line ignored
"../._ADC.c", line 1: error #7: unrecognized token
"../._ADC.c", line 1: warning #1268-D: null (zero) character in input line ignored
"../._ADC.c", line 1: warning #1268-D: null (zero) character in input line ignored
"../._ADC.c", line 1: warning #1268-D: null (zero) character in input line ignored
"../._ADC.c", line 1: warning #1268-D: null (zero) character in input line ignored
"../._ADC.c", line 1: warning #1268-D: null (zero) character in input line ignored
"../._ADC.c", line 1: warning #1268-D: null (zero) character in input line ignored
"../._ADC.c", line 1: warning #1268-D: null (zero) character in input line ignored
"../._ADC.c", line 1: warning #1268-D: null (zero) character in input line ignored
"../._ADC.c", line 1: warning #1268-D: null (zero) character in input line ignored
"../._ADC.c", line 1: warning #1268-D: null (zero) character in input line ignored
"../._ADC.c", line 1: warning #1268-D: null (zero) character in input line ignored
"../._ADC.c", line 1: warning #1268-D: null (zero) character in input line ignored
"../._ADC.c", line 1: warning #1268-D: null (zero) character in input line ignored
"../._ADC.c", line 1: warning #1268-D: null (zero) character in input line ignored
"../._ADC.c", line 1: warning #1268-D: null (zero) character in input line ignored
"../._ADC.c", line 1: error #7: unrecognized token
"../._ADC.c", line 1: warning #1268-D: null (zero) character in input line ignored
"../._ADC.c", line 1: warning #1268-D: null (zero) character in input line ignored
"../._ADC.c", line 1: warning #1268-D: null (zero) character in input line ignored
"../._ADC.c", line 1: warning #1268-D: null (zero) character in input line ignored
"../._ADC.c", line 1: warning #1268-D: null (zero) character in input line ignored
"../._ADC.c", line 1: warning #1268-D: null (zero) character in input line ignored
"../._ADC.c", line 1: error #7: unrecognized token
"../._ADC.c", line 1: warning #1268-D: null (zero) character in input line ignored
"../._ADC.c", line 1: warning #1268-D: null (zero) character in input line ignored
"../._ADC.c", line 1: error #7: unrecognized token
"../._ADC.c", line 1: warning #1268-D: null (zero) character in input line ignored
"../._ADC.c", line 1: warning #1268-D: null (zero) character in input line ignored
"../._ADC.c", line 1: warning #1268-D: null (zero) character in input line ignored
"../._ADC.c", line 1: warning #1268-D: null (zero) character in input line ignored
"../._ADC.c", line 1: warning #1268-D: null (zero) character in input line ignored
"../._ADC.c", line 1: warning #1268-D: null (zero) character in input line ignored
"../._ADC.c", line 1: warning #1268-D: null (zero) character in input line ignored
"../._ADC.c", line 1: warning #1268-D: null (zero) character in input line ignored
"../._ADC.c", line 1: warning #1268-D: null (zero) character in input line ignored
"../._ADC.c", line 1: error #7: unrecognized token
"../._ADC.c", line 1: warning #1268-D: null (zero) character in input line ignored
"../._ADC.c", line 1: warning #1268-D: null (zero) character in input line ignored
18 errors detected in the compilation of "../._ADC.c".
gmake: *** [._ADC.obj] Error 1
Building file: "../ADC.c"
Invoking: MSP430 Compiler
"C:/ti/ccs1280/ccs/tools/compiler/ti-cgt-msp430_21.6.1.LTS/bin/cl430" -vmspx --use_hw_mpy=F5 --include_path="C:/ti/ccs1280/ccs/ccs_base/msp430/include" --include_path="D:/Downloads/Programming/MSP430-ECE306/Project10K/Project03 cc" --include_path="C:/ti/ccs1280/ccs/tools/compiler/ti-cgt-msp430_21.6.1.LTS/include" --advice:power=all --advice:hw_config=all --define=__MSP430FR2355__ --define=_FRWP_ENABLE --define=_INFO_FRWP_ENABLE -g --printf_support=minimal --diag_warning=225 --diag_wrap=off --display_error_number --silicon_errata=CPU21 --silicon_errata=CPU22 --silicon_errata=CPU40 --preproc_with_compile --preproc_dependency="ADC.d_raw"  "../ADC.c"
"..\wheels.h", line 14: warning #48-D: incompatible redefinition of macro "TRAVEL_DISTANCE" (declared at line 53 of "..\macros.h")
"..\wheels.h", line 20: warning #48-D: incompatible redefinition of macro "FORWARD" (declared at line 17 of "..\ports.h")
"..\wheels.h", line 21: warning #48-D: incompatible redefinition of macro "REVERSE" (declared at line 18 of "..\ports.h")
"..\wheels.h", line 24: warning #48-D: incompatible redefinition of macro "FALSE" (declared at line 3 of "..\ports.h")
"..\wheels.h", line 32: warning #48-D: incompatible redefinition of macro "RIGHT" (declared at line 42 of "..\macros.h")
"..\wheels.h", line 33: warning #48-D: incompatible redefinition of macro "LEFT" (declared at line 32 of "..\macros.h")
"..\switches.h", line 12: warning #48-D: incompatible redefinition of macro "DEBOUNCE_RESTART" (declared at line 67 of "..\macros.h")
"..\switches.h", line 13: warning #48-D: incompatible redefinition of macro "DEBOUNCE_TIME" (declared at line 68 of "..\macros.h")
"..\switches.h", line 14: warning #48-D: incompatible redefinition of macro "NOT_OKAY" (declared at line 65 of "..\macros.h")
"..\switches.h", line 15: warning #48-D: incompatible redefinition of macro "OKAY" (declared at line 66 of "..\macros.h")
"..\switches.h", line 16: warning #48-D: incompatible redefinition of macro "OFF" (declared at line 25 of "..\wheels.h")
"../ADC.c", line 71: remark #1544-D: (ULP 13.1) Detected loop counting up. Recommend loops count down as detecting zeros is easier
"../ADC.c", line 72: remark #2553-D: (ULP 14.1) Array index (involving "i") of type "int". Recommend using "unsigned int"
Finished building: "../ADC.c"
 
Building file: "../DAC.c"
Invoking: MSP430 Compiler
"C:/ti/ccs1280/ccs/tools/compiler/ti-cgt-msp430_21.6.1.LTS/bin/cl430" -vmspx --use_hw_mpy=F5 --include_path="C:/ti/ccs1280/ccs/ccs_base/msp430/include" --include_path="D:/Downloads/Programming/MSP430-ECE306/Project10K/Project03 cc" --include_path="C:/ti/ccs1280/ccs/tools/compiler/ti-cgt-msp430_21.6.1.LTS/include" --advice:power=all --advice:hw_config=all --define=__MSP430FR2355__ --define=_FRWP_ENABLE --define=_INFO_FRWP_ENABLE -g --printf_support=minimal --diag_warning=225 --diag_wrap=off --display_error_number --silicon_errata=CPU21 --silicon_errata=CPU22 --silicon_errata=CPU40 --preproc_with_compile --preproc_dependency="DAC.d_raw"  "../DAC.c"
"..\wheels.h", line 14: warning #48-D: incompatible redefinition of macro "TRAVEL_DISTANCE" (declared at line 53 of "..\macros.h")
"..\wheels.h", line 20: warning #48-D: incompatible redefinition of macro "FORWARD" (declared at line 17 of "..\ports.h")
"..\wheels.h", line 21: warning #48-D: incompatible redefinition of macro "REVERSE" (declared at line 18 of "..\ports.h")
"..\wheels.h", line 24: warning #48-D: incompatible redefinition of macro "FALSE" (declared at line 3 of "..\ports.h")
"..\wheels.h", line 32: warning #48-D: incompatible redefinition of macro "RIGHT" (declared at line 42 of "..\macros.h")
"..\wheels.h", line 33: warning #48-D: incompatible redefinition of macro "LEFT" (declared at line 32 of "..\macros.h")
"..\switches.h", line 12: warning #48-D: incompatible redefinition of macro "DEBOUNCE_RESTART" (declared at line 67 of "..\macros.h")
"..\switches.h", line 13: warning #48-D: incompatible redefinition of macro "DEBOUNCE_TIME" (declared at line 68 of "..\macros.h")
"..\switches.h", line 14: warning #48-D: incompatible redefinition of macro "NOT_OKAY" (declared at line 65 of "..\macros.h")
"..\switches.h", line 15: warning #48-D: incompatible redefinition of macro "OKAY" (declared at line 66 of "..\macros.h")
"..\switches.h", line 16: warning #48-D: incompatible redefinition of macro "OFF" (declared at line 25 of "..\wheels.h")
"..\DAC.h", line 14: remark #1535-D: (ULP 8.1) variable "DAC_data" is used as a constant. Recommend declaring variable as either 'static const' or 'const'
Finished building: "../DAC.c"
 
Building file: "../Display.c"
Invoking: MSP430 Compiler
"C:/ti/ccs1280/ccs/tools/compiler/ti-cgt-msp430_21.6.1.LTS/bin/cl430" -vmspx --use_hw_mpy=F5 --include_path="C:/ti/ccs1280/ccs/ccs_base/msp430/include" --include_path="D:/Downloads/Programming/MSP430-ECE306/Project10K/Project03 cc" --include_path="C:/ti/ccs1280/ccs/tools/compiler/ti-cgt-msp430_21.6.1.LTS/include" --advice:power=all --advice:hw_config=all --define=__MSP430FR2355__ --define=_FRWP_ENABLE --define=_INFO_FRWP_ENABLE -g --printf_support=minimal --diag_warning=225 --diag_wrap=off --display_error_number --silicon_errata=CPU21 --silicon_errata=CPU22 --silicon_errata=CPU40 --preproc_with_compile --preproc_dependency="Display.d_raw"  "../Display.c"
"..\wheels.h", line 14: warning #48-D: incompatible redefinition of macro "TRAVEL_DISTANCE" (declared at line 53 of "..\macros.h")
"..\wheels.h", line 20: warning #48-D: incompatible redefinition of macro "FORWARD" (declared at line 17 of "..\ports.h")
"..\wheels.h", line 21: warning #48-D: incompatible redefinition of macro "REVERSE" (declared at line 18 of "..\ports.h")
"..\wheels.h", line 24: warning #48-D: incompatible redefinition of macro "FALSE" (declared at line 3 of "..\ports.h")
"..\wheels.h", line 32: warning #48-D: incompatible redefinition of macro "RIGHT" (declared at line 42 of "..\macros.h")
"..\wheels.h", line 33: warning #48-D: incompatible redefinition of macro "LEFT" (declared at line 32 of "..\macros.h")
"..\switches.h", line 12: warning #48-D: incompatible redefinition of macro "DEBOUNCE_RESTART" (declared at line 67 of "..\macros.h")
"..\switches.h", line 13: warning #48-D: incompatible redefinition of macro "DEBOUNCE_TIME" (declared at line 68 of "..\macros.h")
"..\switches.h", line 14: warning #48-D: incompatible redefinition of macro "NOT_OKAY" (declared at line 65 of "..\macros.h")
"..\switches.h", line 15: warning #48-D: incompatible redefinition of macro "OKAY" (declared at line 66 of "..\macros.h")
"..\switches.h", line 16: warning #48-D: incompatible redefinition of macro "OFF" (declared at line 25 of "..\wheels.h")
"../Display.c", line 83: remark #1544-D: (ULP 13.1) Detected loop counting up. Recommend loops count down as detecting zeros is easier
"../Display.c", line 84: remark #1545-D: (ULP 14.1) Array index of type "int". Recommend using "unsigned int"
"../Display.c", line 84: remark #2553-D: (ULP 14.1) Array index (involving "i") of type "int". Recommend using "unsigned int"
Finished building: "../Display.c"
 
Building file: "../Ports_Interrupts.c"
Invoking: MSP430 Compiler
"C:/ti/ccs1280/ccs/tools/compiler/ti-cgt-msp430_21.6.1.LTS/bin/cl430" -vmspx --use_hw_mpy=F5 --include_path="C:/ti/ccs1280/ccs/ccs_base/msp430/include" --include_path="D:/Downloads/Programming/MSP430-ECE306/Project10K/Project03 cc" --include_path="C:/ti/ccs1280/ccs/tools/compiler/ti-cgt-msp430_21.6.1.LTS/include" --advice:power=all --advice:hw_config=all --define=__MSP430FR2355__ --define=_FRWP_ENABLE --define=_INFO_FRWP_ENABLE -g --printf_support=minimal --diag_warning=225 --diag_wrap=off --display_error_number --silicon_errata=CPU21 --silicon_errata=CPU22 --silicon_errata=CPU40 --preproc_with_compile --preproc_dependency="Ports_Interrupts.d_raw"  "../Ports_Interrupts.c"
"..\switches.h", line 12: warning #48-D: incompatible redefinition of macro "DEBOUNCE_RESTART" (declared at line 67 of "..\macros.h")
"..\switches.h", line 13: warning #48-D: incompatible redefinition of macro "DEBOUNCE_TIME" (declared at line 68 of "..\macros.h")
"..\switches.h", line 14: warning #48-D: incompatible redefinition of macro "NOT_OKAY" (declared at line 65 of "..\macros.h")
"..\switches.h", line 15: warning #48-D: incompatible redefinition of macro "OKAY" (declared at line 66 of "..\macros.h")
"..\wheels.h", line 14: warning #48-D: incompatible redefinition of macro "TRAVEL_DISTANCE" (declared at line 53 of "..\macros.h")
"..\wheels.h", line 20: warning #48-D: incompatible redefinition of macro "FORWARD" (declared at line 17 of "..\ports.h")
"..\wheels.h", line 21: warning #48-D: incompatible redefinition of macro "REVERSE" (declared at line 18 of "..\ports.h")
"..\wheels.h", line 24: warning #48-D: incompatible redefinition of macro "FALSE" (declared at line 3 of "..\ports.h")
"..\wheels.h", line 25: warning #48-D: incompatible redefinition of macro "OFF" (declared at line 16 of "..\switches.h")
"..\wheels.h", line 32: warning #48-D: incompatible redefinition of macro "RIGHT" (declared at line 42 of "..\macros.h")
"..\wheels.h", line 33: warning #48-D: incompatible redefinition of macro "LEFT" (declared at line 32 of "..\macros.h")
"../Ports_Interrupts.c", line 62: remark #1538-D: (ULP 10.1) ISR switch1_interrupt calls function USCI_A0_transmit. Recommend moving function call away from ISR, or inlining the function, or using pragmas
"../Ports_Interrupts.c", line 29: remark #1535-D: (ULP 8.1) variable "state" is used as a constant. Recommend declaring variable as either 'static const' or 'const'
"../Ports_Interrupts.c", line 30: remark #1535-D: (ULP 8.1) variable "t" is used as a constant. Recommend declaring variable as either 'static const' or 'const'
Finished building: "../Ports_Interrupts.c"
 
Building file: "../StateMachine.c"
Invoking: MSP430 Compiler
"C:/ti/ccs1280/ccs/tools/compiler/ti-cgt-msp430_21.6.1.LTS/bin/cl430" -vmspx --use_hw_mpy=F5 --include_path="C:/ti/ccs1280/ccs/ccs_base/msp430/include" --include_path="D:/Downloads/Programming/MSP430-ECE306/Project10K/Project03 cc" --include_path="C:/ti/ccs1280/ccs/tools/compiler/ti-cgt-msp430_21.6.1.LTS/include" --advice:power=all --advice:hw_config=all --define=__MSP430FR2355__ --define=_FRWP_ENABLE --define=_INFO_FRWP_ENABLE -g --printf_support=minimal --diag_warning=225 --diag_wrap=off --display_error_number --silicon_errata=CPU21 --silicon_errata=CPU22 --silicon_errata=CPU40 --preproc_with_compile --preproc_dependency="StateMachine.d_raw"  "../StateMachine.c"
"../StateMachine.c", line 153: warning #112-D: statement is unreachable
"../StateMachine.c", line 165: warning #112-D: statement is unreachable
"../StateMachine.c", line 180: remark #1530-D: (ULP 5.1) Detected modulo operation(s). Recommend moving them to RAM during run time or not using as these are processing/power intensive
"../StateMachine.c", line 302: warning #188-D: pointless comparison of unsigned integer with zero
"../StateMachine.c", line 31: remark #1535-D: (ULP 8.1) variable "event" is used as a constant. Recommend declaring variable as either 'static const' or 'const'
Finished building: "../StateMachine.c"
 
Building file: "../Switches.c"
Invoking: MSP430 Compiler
"C:/ti/ccs1280/ccs/tools/compiler/ti-cgt-msp430_21.6.1.LTS/bin/cl430" -vmspx --use_hw_mpy=F5 --include_path="C:/ti/ccs1280/ccs/ccs_base/msp430/include" --include_path="D:/Downloads/Programming/MSP430-ECE306/Project10K/Project03 cc" --include_path="C:/ti/ccs1280/ccs/tools/compiler/ti-cgt-msp430_21.6.1.LTS/include" --advice:power=all --advice:hw_config=all --define=__MSP430FR2355__ --define=_FRWP_ENABLE --define=_INFO_FRWP_ENABLE -g --printf_support=minimal --diag_warning=225 --diag_wrap=off --display_error_number --silicon_errata=CPU21 --silicon_errata=CPU22 --silicon_errata=CPU40 --preproc_with_compile --preproc_dependency="Switches.d_raw"  "../Switches.c"
"..\wheels.h", line 14: warning #48-D: incompatible redefinition of macro "TRAVEL_DISTANCE" (declared at line 53 of "..\macros.h")
"..\wheels.h", line 20: warning #48-D: incompatible redefinition of macro "FORWARD" (declared at line 17 of "..\ports.h")
"..\wheels.h", line 21: warning #48-D: incompatible redefinition of macro "REVERSE" (declared at line 18 of "..\ports.h")
"..\wheels.h", line 24: warning #48-D: incompatible redefinition of macro "FALSE" (declared at line 3 of "..\ports.h")
"..\wheels.h", line 32: warning #48-D: incompatible redefinition of macro "RIGHT" (declared at line 42 of "..\macros.h")
"..\wheels.h", line 33: warning #48-D: incompatible redefinition of macro "LEFT" (declared at line 32 of "..\macros.h")
"..\switches.h", line 12: warning #48-D: incompatible redefinition of macro "DEBOUNCE_RESTART" (declared at line 67 of "..\macros.h")
"..\switches.h", line 13: warning #48-D: incompatible redefinition of macro "DEBOUNCE_TIME" (declared at line 68 of "..\macros.h")
"..\switches.h", line 14: warning #48-D: incompatible redefinition of macro "NOT_OKAY" (declared at line 65 of "..\macros.h")
"..\switches.h", line 15: warning #48-D: incompatible redefinition of macro "OKAY" (declared at line 66 of "..\macros.h")
"..\switches.h", line 16: warning #48-D: incompatible redefinition of macro "OFF" (declared at line 25 of "..\wheels.h")
Finished building: "../Switches.c"
 
Building file: "../Timer_Interrupts.c"
Invoking: MSP430 Compiler
"C:/ti/ccs1280/ccs/tools/compiler/ti-cgt-msp430_21.6.1.LTS/bin/cl430" -vmspx --use_hw_mpy=F5 --include_path="C:/ti/ccs1280/ccs/ccs_base/msp430/include" --include_path="D:/Downloads/Programming/MSP430-ECE306/Project10K/Project03 cc" --include_path="C:/ti/ccs1280/ccs/tools/compiler/ti-cgt-msp430_21.6.1.LTS/include" --advice:power=all --advice:hw_config=all --define=__MSP430FR2355__ --define=_FRWP_ENABLE --define=_INFO_FRWP_ENABLE -g --printf_support=minimal --diag_warning=225 --diag_wrap=off --display_error_number --silicon_errata=CPU21 --silicon_errata=CPU22 --silicon_errata=CPU40 --preproc_with_compile --preproc_dependency="Timer_Interrupts.d_raw"  "../Timer_Interrupts.c"
"..\wheels.h", line 14: warning #48-D: incompatible redefinition of macro "TRAVEL_DISTANCE" (declared at line 53 of "..\macros.h")
"..\wheels.h", line 20: warning #48-D: incompatible redefinition of macro "FORWARD" (declared at line 17 of "..\ports.h")
"..\wheels.h", line 21: warning #48-D: incompatible redefinition of macro "REVERSE" (declared at line 18 of "..\ports.h")
"..\wheels.h", line 24: warning #48-D: incompatible redefinition of macro "FALSE" (declared at line 3 of "..\ports.h")
"..\wheels.h", line 32: warning #48-D: incompatible redefinition of macro "RIGHT" (declared at line 42 of "..\macros.h")
"..\wheels.h", line 33: warning #48-D: incompatible redefinition of macro "LEFT" (declared at line 32 of "..\macros.h")
"..\switches.h", line 12: warning #48-D: incompatible redefinition of macro "DEBOUNCE_RESTART" (declared at line 67 of "..\macros.h")
"..\switches.h", line 13: warning #48-D: incompatible redefinition of macro "DEBOUNCE_TIME" (declared at line 68 of "..\macros.h")
"..\switches.h", line 14: warning #48-D: incompatible redefinition of macro "NOT_OKAY" (declared at line 65 of "..\macros.h")
"..\switches.h", line 15: warning #48-D: incompatible redefinition of macro "OKAY" (declared at line 66 of "..\macros.h")
"..\switches.h", line 16: warning #48-D: incompatible redefinition of macro "OFF" (declared at line 25 of "..\wheels.h")
"..\DAC.h", line 14: remark #1535-D: (ULP 8.1) variable "DAC_data" is used as a constant. Recommend declaring variable as either 'static const' or 'const'
"../Timer_Interrupts.c", line 30: remark #1535-D: (ULP 8.1) variable "CCR0_counter" is used as a constant. Recommend declaring variable as either 'static const' or 'const'
"../Timer_Interrupts.c", line 40: remark #1535-D: (ULP 8.1) variable "DimFlag" is used as a constant. Recommend declaring variable as either 'static const' or 'const'
"../Timer_Interrupts.c", line 41: remark #1535-D: (ULP 8.1) variable "FlagSpinL" is used as a constant. Recommend declaring variable as either 'static const' or 'const'
"../Timer_Interrupts.c", line 42: remark #1535-D: (ULP 8.1) variable "FlagSpinR" is used as a constant. Recommend declaring variable as either 'static const' or 'const'
"../Timer_Interrupts.c", line 43: remark #1535-D: (ULP 8.1) variable "FlagWait" is used as a constant. Recommend declaring variable as either 'static const' or 'const'
Finished building: "../Timer_Interrupts.c"
 
Building file: "../Timers.c"
Invoking: MSP430 Compiler
"C:/ti/ccs1280/ccs/tools/compiler/ti-cgt-msp430_21.6.1.LTS/bin/cl430" -vmspx --use_hw_mpy=F5 --include_path="C:/ti/ccs1280/ccs/ccs_base/msp430/include" --include_path="D:/Downloads/Programming/MSP430-ECE306/Project10K/Project03 cc" --include_path="C:/ti/ccs1280/ccs/tools/compiler/ti-cgt-msp430_21.6.1.LTS/include" --advice:power=all --advice:hw_config=all --define=__MSP430FR2355__ --define=_FRWP_ENABLE --define=_INFO_FRWP_ENABLE -g --printf_support=minimal --diag_warning=225 --diag_wrap=off --display_error_number --silicon_errata=CPU21 --silicon_errata=CPU22 --silicon_errata=CPU40 --preproc_with_compile --preproc_dependency="Timers.d_raw"  "../Timers.c"
"..\wheels.h", line 14: warning #48-D: incompatible redefinition of macro "TRAVEL_DISTANCE" (declared at line 53 of "..\macros.h")
"..\wheels.h", line 20: warning #48-D: incompatible redefinition of macro "FORWARD" (declared at line 17 of "..\ports.h")
"..\wheels.h", line 21: warning #48-D: incompatible redefinition of macro "REVERSE" (declared at line 18 of "..\ports.h")
"..\wheels.h", line 24: warning #48-D: incompatible redefinition of macro "FALSE" (declared at line 3 of "..\ports.h")
"..\wheels.h", line 32: warning #48-D: incompatible redefinition of macro "RIGHT" (declared at line 42 of "..\macros.h")
"..\wheels.h", line 33: warning #48-D: incompatible redefinition of macro "LEFT" (declared at line 32 of "..\macros.h")
"..\switches.h", line 12: warning #48-D: incompatible redefinition of macro "DEBOUNCE_RESTART" (declared at line 67 of "..\macros.h")
"..\switches.h", line 13: warning #48-D: incompatible redefinition of macro "DEBOUNCE_TIME" (declared at line 68 of "..\macros.h")
"..\switches.h", line 14: warning #48-D: incompatible redefinition of macro "NOT_OKAY" (declared at line 65 of "..\macros.h")
"..\switches.h", line 15: warning #48-D: incompatible redefinition of macro "OKAY" (declared at line 66 of "..\macros.h")
"..\switches.h", line 16: warning #48-D: incompatible redefinition of macro "OFF" (declared at line 25 of "..\wheels.h")
Finished building: "../Timers.c"
 
Building file: "../led.c"
Invoking: MSP430 Compiler
"C:/ti/ccs1280/ccs/tools/compiler/ti-cgt-msp430_21.6.1.LTS/bin/cl430" -vmspx --use_hw_mpy=F5 --include_path="C:/ti/ccs1280/ccs/ccs_base/msp430/include" --include_path="D:/Downloads/Programming/MSP430-ECE306/Project10K/Project03 cc" --include_path="C:/ti/ccs1280/ccs/tools/compiler/ti-cgt-msp430_21.6.1.LTS/include" --advice:power=all --advice:hw_config=all --define=__MSP430FR2355__ --define=_FRWP_ENABLE --define=_INFO_FRWP_ENABLE -g --printf_support=minimal --diag_warning=225 --diag_wrap=off --display_error_number --silicon_errata=CPU21 --silicon_errata=CPU22 --silicon_errata=CPU40 --preproc_with_compile --preproc_dependency="led.d_raw"  "../led.c"
"..\wheels.h", line 14: warning #48-D: incompatible redefinition of macro "TRAVEL_DISTANCE" (declared at line 53 of "..\macros.h")
"..\wheels.h", line 20: warning #48-D: incompatible redefinition of macro "FORWARD" (declared at line 17 of "..\ports.h")
"..\wheels.h", line 21: warning #48-D: incompatible redefinition of macro "REVERSE" (declared at line 18 of "..\ports.h")
"..\wheels.h", line 24: warning #48-D: incompatible redefinition of macro "FALSE" (declared at line 3 of "..\ports.h")
"..\wheels.h", line 32: warning #48-D: incompatible redefinition of macro "RIGHT" (declared at line 42 of "..\macros.h")
"..\wheels.h", line 33: warning #48-D: incompatible redefinition of macro "LEFT" (declared at line 32 of "..\macros.h")
"..\switches.h", line 12: warning #48-D: incompatible redefinition of macro "DEBOUNCE_RESTART" (declared at line 67 of "..\macros.h")
"..\switches.h", line 13: warning #48-D: incompatible redefinition of macro "DEBOUNCE_TIME" (declared at line 68 of "..\macros.h")
"..\switches.h", line 14: warning #48-D: incompatible redefinition of macro "NOT_OKAY" (declared at line 65 of "..\macros.h")
"..\switches.h", line 15: warning #48-D: incompatible redefinition of macro "OKAY" (declared at line 66 of "..\macros.h")
"..\switches.h", line 16: warning #48-D: incompatible redefinition of macro "OFF" (declared at line 25 of "..\wheels.h")
"../led.c", line 30: remark #1544-D: (ULP 13.1) Detected loop counting up. Recommend loops count down as detecting zeros is easier
"../led.c", line 31: remark #1545-D: (ULP 14.1) Array index of type "int". Recommend using "unsigned int"
"../led.c", line 31: remark #2553-D: (ULP 14.1) Array index (involving "i") of type "int". Recommend using "unsigned int"
Finished building: "../led.c"
 
Building file: "../adc_interrupts.c"
Invoking: MSP430 Compiler
"C:/ti/ccs1280/ccs/tools/compiler/ti-cgt-msp430_21.6.1.LTS/bin/cl430" -vmspx --use_hw_mpy=F5 --include_path="C:/ti/ccs1280/ccs/ccs_base/msp430/include" --include_path="D:/Downloads/Programming/MSP430-ECE306/Project10K/Project03 cc" --include_path="C:/ti/ccs1280/ccs/tools/compiler/ti-cgt-msp430_21.6.1.LTS/include" --advice:power=all --advice:hw_config=all --define=__MSP430FR2355__ --define=_FRWP_ENABLE --define=_INFO_FRWP_ENABLE -g --printf_support=minimal --diag_warning=225 --diag_wrap=off --display_error_number --silicon_errata=CPU21 --silicon_errata=CPU22 --silicon_errata=CPU40 --preproc_with_compile --preproc_dependency="adc_interrupts.d_raw"  "../adc_interrupts.c"
Finished building: "../adc_interrupts.c"
 
Building file: "../clocks.c"
Invoking: MSP430 Compiler
"C:/ti/ccs1280/ccs/tools/compiler/ti-cgt-msp430_21.6.1.LTS/bin/cl430" -vmspx --use_hw_mpy=F5 --include_path="C:/ti/ccs1280/ccs/ccs_base/msp430/include" --include_path="D:/Downloads/Programming/MSP430-ECE306/Project10K/Project03 cc" --include_path="C:/ti/ccs1280/ccs/tools/compiler/ti-cgt-msp430_21.6.1.LTS/include" --advice:power=all --advice:hw_config=all --define=__MSP430FR2355__ --define=_FRWP_ENABLE --define=_INFO_FRWP_ENABLE -g --printf_support=minimal --diag_warning=225 --diag_wrap=off --display_error_number --silicon_errata=CPU21 --silicon_errata=CPU22 --silicon_errata=CPU40 --preproc_with_compile --preproc_dependency="clocks.d_raw"  "../clocks.c"
"../clocks.c", line 94: remark #1527-D: (ULP 2.1) Detected SW delay loop using __delay_cycles. Recommend using a timer module instead
"../clocks.c", line 95: remark #1527-D: (ULP 2.1) Detected SW delay loop using empty loop. Recommend using a timer module instead
"../clocks.c", line 128: remark #1527-D: (ULP 2.1) Detected SW delay loop using empty loop. Recommend using a timer module instead
Finished building: "../clocks.c"
 
Building file: "../init.c"
Invoking: MSP430 Compiler
"C:/ti/ccs1280/ccs/tools/compiler/ti-cgt-msp430_21.6.1.LTS/bin/cl430" -vmspx --use_hw_mpy=F5 --include_path="C:/ti/ccs1280/ccs/ccs_base/msp430/include" --include_path="D:/Downloads/Programming/MSP430-ECE306/Project10K/Project03 cc" --include_path="C:/ti/ccs1280/ccs/tools/compiler/ti-cgt-msp430_21.6.1.LTS/include" --advice:power=all --advice:hw_config=all --define=__MSP430FR2355__ --define=_FRWP_ENABLE --define=_INFO_FRWP_ENABLE -g --printf_support=minimal --diag_warning=225 --diag_wrap=off --display_error_number --silicon_errata=CPU21 --silicon_errata=CPU22 --silicon_errata=CPU40 --preproc_with_compile --preproc_dependency="init.d_raw"  "../init.c"
"..\wheels.h", line 14: warning #48-D: incompatible redefinition of macro "TRAVEL_DISTANCE" (declared at line 53 of "..\macros.h")
"..\wheels.h", line 20: warning #48-D: incompatible redefinition of macro "FORWARD" (declared at line 17 of "..\ports.h")
"..\wheels.h", line 21: warning #48-D: incompatible redefinition of macro "REVERSE" (declared at line 18 of "..\ports.h")
"..\wheels.h", line 24: warning #48-D: incompatible redefinition of macro "FALSE" (declared at line 3 of "..\ports.h")
"..\wheels.h", line 32: warning #48-D: incompatible redefinition of macro "RIGHT" (declared at line 42 of "..\macros.h")
"..\wheels.h", line 33: warning #48-D: incompatible redefinition of macro "LEFT" (declared at line 32 of "..\macros.h")
"..\switches.h", line 12: warning #48-D: incompatible redefinition of macro "DEBOUNCE_RESTART" (declared at line 67 of "..\macros.h")
"..\switches.h", line 13: warning #48-D: incompatible redefinition of macro "DEBOUNCE_TIME" (declared at line 68 of "..\macros.h")
"..\switches.h", line 14: warning #48-D: incompatible redefinition of macro "NOT_OKAY" (declared at line 65 of "..\macros.h")
"..\switches.h", line 15: warning #48-D: incompatible redefinition of macro "OKAY" (declared at line 66 of "..\macros.h")
"..\switches.h", line 16: warning #48-D: incompatible redefinition of macro "OFF" (declared at line 25 of "..\wheels.h")
"../init.c", line 28: remark #1544-D: (ULP 13.1) Detected loop counting up. Recommend loops count down as detecting zeros is easier
"../init.c", line 29: remark #2553-D: (ULP 14.1) Array index (involving "i") of type "int". Recommend using "unsigned int"
"../init.c", line 30: remark #2553-D: (ULP 14.1) Array index (involving "i") of type "int". Recommend using "unsigned int"
"../init.c", line 31: remark #2553-D: (ULP 14.1) Array index (involving "i") of type "int". Recommend using "unsigned int"
"../init.c", line 32: remark #2553-D: (ULP 14.1) Array index (involving "i") of type "int". Recommend using "unsigned int"
Finished building: "../init.c"
 
Building file: "../system.c"
Invoking: MSP430 Compiler
"C:/ti/ccs1280/ccs/tools/compiler/ti-cgt-msp430_21.6.1.LTS/bin/cl430" -vmspx --use_hw_mpy=F5 --include_path="C:/ti/ccs1280/ccs/ccs_base/msp430/include" --include_path="D:/Downloads/Programming/MSP430-ECE306/Project10K/Project03 cc" --include_path="C:/ti/ccs1280/ccs/tools/compiler/ti-cgt-msp430_21.6.1.LTS/include" --advice:power=all --advice:hw_config=all --define=__MSP430FR2355__ --define=_FRWP_ENABLE --define=_INFO_FRWP_ENABLE -g --printf_support=minimal --diag_warning=225 --diag_wrap=off --display_error_number --silicon_errata=CPU21 --silicon_errata=CPU22 --silicon_errata=CPU40 --preproc_with_compile --preproc_dependency="system.d_raw"  "../system.c"
"..\wheels.h", line 14: warning #48-D: incompatible redefinition of macro "TRAVEL_DISTANCE" (declared at line 53 of "..\macros.h")
"..\wheels.h", line 20: warning #48-D: incompatible redefinition of macro "FORWARD" (declared at line 17 of "..\ports.h")
"..\wheels.h", line 21: warning #48-D: incompatible redefinition of macro "REVERSE" (declared at line 18 of "..\ports.h")
"..\wheels.h", line 24: warning #48-D: incompatible redefinition of macro "FALSE" (declared at line 3 of "..\ports.h")
"..\wheels.h", line 32: warning #48-D: incompatible redefinition of macro "RIGHT" (declared at line 42 of "..\macros.h")
"..\wheels.h", line 33: warning #48-D: incompatible redefinition of macro "LEFT" (declared at line 32 of "..\macros.h")
"..\switches.h", line 12: warning #48-D: incompatible redefinition of macro "DEBOUNCE_RESTART" (declared at line 67 of "..\macros.h")
"..\switches.h", line 13: warning #48-D: incompatible redefinition of macro "DEBOUNCE_TIME" (declared at line 68 of "..\macros.h")
"..\switches.h", line 14: warning #48-D: incompatible redefinition of macro "NOT_OKAY" (declared at line 65 of "..\macros.h")
"..\switches.h", line 15: warning #48-D: incompatible redefinition of macro "OKAY" (declared at line 66 of "..\macros.h")
"..\switches.h", line 16: warning #48-D: incompatible redefinition of macro "OFF" (declared at line 25 of "..\wheels.h")
Finished building: "../system.c"
 
Building file: "../ports.c"
Invoking: MSP430 Compiler
"C:/ti/ccs1280/ccs/tools/compiler/ti-cgt-msp430_21.6.1.LTS/bin/cl430" -vmspx --use_hw_mpy=F5 --include_path="C:/ti/ccs1280/ccs/ccs_base/msp430/include" --include_path="D:/Downloads/Programming/MSP430-ECE306/Project10K/Project03 cc" --include_path="C:/ti/ccs1280/ccs/tools/compiler/ti-cgt-msp430_21.6.1.LTS/include" --advice:power=all --advice:hw_config=all --define=__MSP430FR2355__ --define=_FRWP_ENABLE --define=_INFO_FRWP_ENABLE -g --printf_support=minimal --diag_warning=225 --diag_wrap=off --display_error_number --silicon_errata=CPU21 --silicon_errata=CPU22 --silicon_errata=CPU40 --preproc_with_compile --preproc_dependency="ports.d_raw"  "../ports.c"
"..\wheels.h", line 14: warning #48-D: incompatible redefinition of macro "TRAVEL_DISTANCE" (declared at line 53 of "..\macros.h")
"..\wheels.h", line 20: warning #48-D: incompatible redefinition of macro "FORWARD" (declared at line 17 of "..\ports.h")
"..\wheels.h", line 21: warning #48-D: incompatible redefinition of macro "REVERSE" (declared at line 18 of "..\ports.h")
"..\wheels.h", line 24: warning #48-D: incompatible redefinition of macro "FALSE" (declared at line 3 of "..\ports.h")
"..\wheels.h", line 32: warning #48-D: incompatible redefinition of macro "RIGHT" (declared at line 42 of "..\macros.h")
"..\wheels.h", line 33: warning #48-D: incompatible redefinition of macro "LEFT" (declared at line 32 of "..\macros.h")
"..\switches.h", line 12: warning #48-D: incompatible redefinition of macro "DEBOUNCE_RESTART" (declared at line 67 of "..\macros.h")
"..\switches.h", line 13: warning #48-D: incompatible redefinition of macro "DEBOUNCE_TIME" (declared at line 68 of "..\macros.h")
"..\switches.h", line 14: warning #48-D: incompatible redefinition of macro "NOT_OKAY" (declared at line 65 of "..\macros.h")
"..\switches.h", line 15: warning #48-D: incompatible redefinition of macro "OKAY" (declared at line 66 of "..\macros.h")
"..\switches.h", line 16: warning #48-D: incompatible redefinition of macro "OFF" (declared at line 25 of "..\wheels.h")
Finished building: "../ports.c"
 
Building file: "../main.c"
Invoking: MSP430 Compiler
"C:/ti/ccs1280/ccs/tools/compiler/ti-cgt-msp430_21.6.1.LTS/bin/cl430" -vmspx --use_hw_mpy=F5 --include_path="C:/ti/ccs1280/ccs/ccs_base/msp430/include" --include_path="D:/Downloads/Programming/MSP430-ECE306/Project10K/Project03 cc" --include_path="C:/ti/ccs1280/ccs/tools/compiler/ti-cgt-msp430_21.6.1.LTS/include" --advice:power=all --advice:hw_config=all --define=__MSP430FR2355__ --define=_FRWP_ENABLE --define=_INFO_FRWP_ENABLE -g --printf_support=minimal --diag_warning=225 --diag_wrap=off --display_error_number --silicon_errata=CPU21 --silicon_errata=CPU22 --silicon_errata=CPU40 --preproc_with_compile --preproc_dependency="main.d_raw"  "../main.c"
"..\wheels.h", line 14: warning #48-D: incompatible redefinition of macro "TRAVEL_DISTANCE" (declared at line 53 of "..\macros.h")
"..\wheels.h", line 20: warning #48-D: incompatible redefinition of macro "FORWARD" (declared at line 17 of "..\ports.h")
"..\wheels.h", line 21: warning #48-D: incompatible redefinition of macro "REVERSE" (declared at line 18 of "..\ports.h")
"..\wheels.h", line 24: warning #48-D: incompatible redefinition of macro "FALSE" (declared at line 3 of "..\ports.h")
"..\wheels.h", line 32: warning #48-D: incompatible redefinition of macro "RIGHT" (declared at line 42 of "..\macros.h")
"..\wheels.h", line 33: warning #48-D: incompatible redefinition of macro "LEFT" (declared at line 32 of "..\macros.h")
"..\switches.h", line 12: warning #48-D: incompatible redefinition of macro "DEBOUNCE_RESTART" (declared at line 67 of "..\macros.h")
"..\switches.h", line 13: warning #48-D: incompatible redefinition of macro "DEBOUNCE_TIME" (declared at line 68 of "..\macros.h")
"..\switches.h", line 14: warning #48-D: incompatible redefinition of macro "NOT_OKAY" (declared at line 65 of "..\macros.h")
"..\switches.h", line 15: warning #48-D: incompatible redefinition of macro "OKAY" (declared at line 66 of "..\macros.h")
"..\switches.h", line 16: warning #48-D: incompatible redefinition of macro "OFF" (declared at line 25 of "..\wheels.h")
"../main.c", line 139: warning #225-D: function "Init_Serial_UCA1" declared implicitly
"../main.c", line 166: warning #225-D: function "motor_off" declared implicitly
"../main.c", line 194: warning #225-D: function "Clr_Display" declared implicitly
"../main.c", line 232: warning #169-D: argument of type "volatile char *" is incompatible with parameter of type "char *__restrict__"
"../main.c", line 232: warning #169-D: argument of type "volatile char *" is incompatible with parameter of type "const char *__restrict__"
"../main.c", line 250: warning #169-D: argument of type "volatile char *" is incompatible with parameter of type "char *__restrict__"
"../main.c", line 250: warning #169-D: argument of type "volatile char *" is incompatible with parameter of type "const char *__restrict__"
"../main.c", line 271: warning #169-D: argument of type "volatile char *" is incompatible with parameter of type "char *__restrict__"
"../main.c", line 271: warning #169-D: argument of type "volatile char *" is incompatible with parameter of type "const char *__restrict__"
"../main.c", line 293: warning #169-D: argument of type "volatile char *" is incompatible with parameter of type "char *__restrict__"
"../main.c", line 293: warning #169-D: argument of type "volatile char *" is incompatible with parameter of type "const char *__restrict__"
"../main.c", line 326: warning #169-D: argument of type "volatile char *" is incompatible with parameter of type "char *__restrict__"
"../main.c", line 326: warning #169-D: argument of type "volatile char *" is incompatible with parameter of type "const char *__restrict__"
"../main.c", line 358: warning #169-D: argument of type "volatile char *" is incompatible with parameter of type "char *__restrict__"
"../main.c", line 358: warning #169-D: argument of type "volatile char *" is incompatible with parameter of type "const char *__restrict__"
"../main.c", line 368: warning #169-D: argument of type "volatile char *" is incompatible with parameter of type "const char *__restrict__"
"../main.c", line 369: warning #169-D: argument of type "volatile char *" is incompatible with parameter of type "const char *__restrict__"
"../main.c", line 393: warning #225-D: function "pingpong" declared implicitly
"../main.c", line 504: warning #225-D: function "dispPrint" declared implicitly
"../main.c", line 527: warning #169-D: argument of type "volatile char *" is incompatible with parameter of type "const char *__restrict__"
"../main.c", line 529: warning #225-D: function "dispPrint" declared implicitly
"../main.c", line 540: warning #225-D: function "motor_run_backward" declared implicitly
"../main.c", line 541: warning #169-D: argument of type "volatile char *" is incompatible with parameter of type "const char *__restrict__"
"../main.c", line 554: warning #225-D: function "motor_run_right" declared implicitly
"../main.c", line 555: warning #169-D: argument of type "volatile char *" is incompatible with parameter of type "const char *__restrict__"
"../main.c", line 569: warning #225-D: function "motor_run_left" declared implicitly
"../main.c", line 570: warning #169-D: argument of type "volatile char *" is incompatible with parameter of type "const char *__restrict__"
"../main.c", line 589: warning #225-D: function "HexToBCD" declared implicitly
"../main.c", line 590: warning #225-D: function "adc_line" declared implicitly
"../main.c", line 597: warning #225-D: function "blacklinemachine" declared implicitly
"../main.c", line 605: warning #225-D: function "Display_complete" declared implicitly
"../main.c", line 237: remark #2553-D: (ULP 14.1) Array index (involving "vv") of type "int". Recommend using "unsigned int"
"../main.c", line 238: remark #2553-D: (ULP 14.1) Array index (involving "vv") of type "int". Recommend using "unsigned int"
"../main.c", line 408: remark #1544-D: (ULP 13.1) Detected loop counting up. Recommend loops count down as detecting zeros is easier
"../main.c", line 409: remark #2553-D: (ULP 14.1) Array index (involving "vv") of type "int". Recommend using "unsigned int"
"../main.c", line 420: remark #1544-D: (ULP 13.1) Detected loop counting up. Recommend loops count down as detecting zeros is easier
"../main.c", line 421: remark #2553-D: (ULP 14.1) Array index (involving "vv") of type "int". Recommend using "unsigned int"
"../main.c", line 432: remark #1544-D: (ULP 13.1) Detected loop counting up. Recommend loops count down as detecting zeros is easier
"../main.c", line 433: remark #2553-D: (ULP 14.1) Array index (involving "vv") of type "int". Recommend using "unsigned int"
"../main.c", line 444: remark #1544-D: (ULP 13.1) Detected loop counting up. Recommend loops count down as detecting zeros is easier
"../main.c", line 445: remark #2553-D: (ULP 14.1) Array index (involving "vv") of type "int". Recommend using "unsigned int"
"../main.c", line 457: remark #1544-D: (ULP 13.1) Detected loop counting up. Recommend loops count down as detecting zeros is easier
"../main.c", line 458: remark #2553-D: (ULP 14.1) Array index (involving "vv") of type "int". Recommend using "unsigned int"
"../main.c", line 470: remark #1544-D: (ULP 13.1) Detected loop counting up. Recommend loops count down as detecting zeros is easier
"../main.c", line 471: remark #2553-D: (ULP 14.1) Array index (involving "vv") of type "int". Recommend using "unsigned int"
"../main.c", line 484: remark #1544-D: (ULP 13.1) Detected loop counting up. Recommend loops count down as detecting zeros is easier
"../main.c", line 485: remark #2553-D: (ULP 14.1) Array index (involving "vv") of type "int". Recommend using "unsigned int"
"../main.c", line 237: remark #2553-D: (ULP 14.1) Array index (involving "vv") of type "int". Recommend using "unsigned int"
"../main.c", line 238: remark #2553-D: (ULP 14.1) Array index (involving "vv") of type "int". Recommend using "unsigned int"
"../main.c", line 408: remark #1544-D: (ULP 13.1) Detected loop counting up. Recommend loops count down as detecting zeros is easier
"../main.c", line 409: remark #2553-D: (ULP 14.1) Array index (involving "vv") of type "int". Recommend using "unsigned int"
"../main.c", line 420: remark #1544-D: (ULP 13.1) Detected loop counting up. Recommend loops count down as detecting zeros is easier
"../main.c", line 421: remark #2553-D: (ULP 14.1) Array index (involving "vv") of type "int". Recommend using "unsigned int"
"../main.c", line 432: remark #1544-D: (ULP 13.1) Detected loop counting up. Recommend loops count down as detecting zeros is easier
"../main.c", line 433: remark #2553-D: (ULP 14.1) Array index (involving "vv") of type "int". Recommend using "unsigned int"
"../main.c", line 444: remark #1544-D: (ULP 13.1) Detected loop counting up. Recommend loops count down as detecting zeros is easier
"../main.c", line 445: remark #2553-D: (ULP 14.1) Array index (involving "vv") of type "int". Recommend using "unsigned int"
"../main.c", line 457: remark #1544-D: (ULP 13.1) Detected loop counting up. Recommend loops count down as detecting zeros is easier
"../main.c", line 458: remark #2553-D: (ULP 14.1) Array index (involving "vv") of type "int". Recommend using "unsigned int"
"../main.c", line 470: remark #1544-D: (ULP 13.1) Detected loop counting up. Recommend loops count down as detecting zeros is easier
"../main.c", line 471: remark #2553-D: (ULP 14.1) Array index (involving "vv") of type "int". Recommend using "unsigned int"
"../main.c", line 484: remark #1544-D: (ULP 13.1) Detected loop counting up. Recommend loops count down as detecting zeros is easier
"../main.c", line 485: remark #2553-D: (ULP 14.1) Array index (involving "vv") of type "int". Recommend using "unsigned int"
"../main.c", line 237: remark #2553-D: (ULP 14.1) Array index (involving "vv") of type "int". Recommend using "unsigned int"
"../main.c", line 238: remark #2553-D: (ULP 14.1) Array index (involving "vv") of type "int". Recommend using "unsigned int"
"../main.c", line 408: remark #1544-D: (ULP 13.1) Detected loop counting up. Recommend loops count down as detecting zeros is easier
"../main.c", line 409: remark #2553-D: (ULP 14.1) Array index (involving "vv") of type "int". Recommend using "unsigned int"
"../main.c", line 420: remark #1544-D: (ULP 13.1) Detected loop counting up. Recommend loops count down as detecting zeros is easier
"../main.c", line 421: remark #2553-D: (ULP 14.1) Array index (involving "vv") of type "int". Recommend using "unsigned int"
"../main.c", line 432: remark #1544-D: (ULP 13.1) Detected loop counting up. Recommend loops count down as detecting zeros is easier
"../main.c", line 433: remark #2553-D: (ULP 14.1) Array index (involving "vv") of type "int". Recommend using "unsigned int"
"../main.c", line 444: remark #1544-D: (ULP 13.1) Detected loop counting up. Recommend loops count down as detecting zeros is easier
"../main.c", line 445: remark #2553-D: (ULP 14.1) Array index (involving "vv") of type "int". Recommend using "unsigned int"
"../main.c", line 457: remark #1544-D: (ULP 13.1) Detected loop counting up. Recommend loops count down as detecting zeros is easier
"../main.c", line 458: remark #2553-D: (ULP 14.1) Array index (involving "vv") of type "int". Recommend using "unsigned int"
"../main.c", line 470: remark #1544-D: (ULP 13.1) Detected loop counting up. Recommend loops count down as detecting zeros is easier
"../main.c", line 471: remark #2553-D: (ULP 14.1) Array index (involving "vv") of type "int". Recommend using "unsigned int"
"../main.c", line 484: remark #1544-D: (ULP 13.1) Detected loop counting up. Recommend loops count down as detecting zeros is easier
"../main.c", line 485: remark #2553-D: (ULP 14.1) Array index (involving "vv") of type "int". Recommend using "unsigned int"
"../main.c", line 637: warning #161-D: declaration is incompatible with previous "dispPrint" (declared at line 504)
"../main.c", line 667: remark #1544-D: (ULP 13.1) Detected loop counting up. Recommend loops count down as detecting zeros is easier
"../main.c", line 668: remark #2553-D: (ULP 14.1) Array index (involving "i") of type "int". Recommend using "unsigned int"
"../main.c", line 679: remark #2553-D: (ULP 14.1) Array index (involving "lineIndex") of type "int". Recommend using "unsigned int"
"../main.c", line 685: remark #2553-D: (ULP 14.1) Array index (involving "lineIndex") of type "int". Recommend using "unsigned int"
"../main.c", line 667: remark #1544-D: (ULP 13.1) Detected loop counting up. Recommend loops count down as detecting zeros is easier
"../main.c", line 668: remark #2553-D: (ULP 14.1) Array index (involving "i") of type "int". Recommend using "unsigned int"
"../main.c", line 679: remark #2553-D: (ULP 14.1) Array index (involving "lineIndex") of type "int". Recommend using "unsigned int"
"../main.c", line 690: warning #161-D: declaration is incompatible with previous "blacklinemachine" (declared at line 597)
"../main.c", line 694: warning #225-D: function "Off_Case" declared implicitly
"../main.c", line 698: warning #225-D: function "start_movement" declared implicitly
"../main.c", line 701: warning #225-D: function "detect_movement" declared implicitly
"../main.c", line 704: warning #225-D: function "spinning_movement" declared implicitly
"../main.c", line 707: warning #225-D: function "track_wait" declared implicitly
"../main.c", line 710: warning #225-D: function "tracking_movement" declared implicitly
"../main.c", line 713: warning #225-D: function "end_state" declared implicitly
"../main.c", line 56: remark #1535-D: (ULP 8.1) variable "wheel_move" is used as a constant. Recommend declaring variable as either 'static const' or 'const'
"../main.c", line 62: remark #1535-D: (ULP 8.1) variable "forward" is used as a constant. Recommend declaring variable as either 'static const' or 'const'
Finished building: "../main.c"
 
Building file: "../serial.c"
Invoking: MSP430 Compiler
"C:/ti/ccs1280/ccs/tools/compiler/ti-cgt-msp430_21.6.1.LTS/bin/cl430" -vmspx --use_hw_mpy=F5 --include_path="C:/ti/ccs1280/ccs/ccs_base/msp430/include" --include_path="D:/Downloads/Programming/MSP430-ECE306/Project10K/Project03 cc" --include_path="C:/ti/ccs1280/ccs/tools/compiler/ti-cgt-msp430_21.6.1.LTS/include" --advice:power=all --advice:hw_config=all --define=__MSP430FR2355__ --define=_FRWP_ENABLE --define=_INFO_FRWP_ENABLE -g --printf_support=minimal --diag_warning=225 --diag_wrap=off --display_error_number --silicon_errata=CPU21 --silicon_errata=CPU22 --silicon_errata=CPU40 --preproc_with_compile --preproc_dependency="serial.d_raw"  "../serial.c"
"..\wheels.h", line 14: warning #48-D: incompatible redefinition of macro "TRAVEL_DISTANCE" (declared at line 53 of "..\macros.h")
"..\wheels.h", line 20: warning #48-D: incompatible redefinition of macro "FORWARD" (declared at line 17 of "..\ports.h")
"..\wheels.h", line 21: warning #48-D: incompatible redefinition of macro "REVERSE" (declared at line 18 of "..\ports.h")
"..\wheels.h", line 24: warning #48-D: incompatible redefinition of macro "FALSE" (declared at line 3 of "..\ports.h")
"..\wheels.h", line 32: warning #48-D: incompatible redefinition of macro "RIGHT" (declared at line 42 of "..\macros.h")
"..\wheels.h", line 33: warning #48-D: incompatible redefinition of macro "LEFT" (declared at line 32 of "..\macros.h")
"..\switches.h", line 12: warning #48-D: incompatible redefinition of macro "DEBOUNCE_RESTART" (declared at line 67 of "..\macros.h")
"..\switches.h", line 13: warning #48-D: incompatible redefinition of macro "DEBOUNCE_TIME" (declared at line 68 of "..\macros.h")
"..\switches.h", line 14: warning #48-D: incompatible redefinition of macro "NOT_OKAY" (declared at line 65 of "..\macros.h")
"..\switches.h", line 15: warning #48-D: incompatible redefinition of macro "OKAY" (declared at line 66 of "..\macros.h")
"..\switches.h", line 16: warning #48-D: incompatible redefinition of macro "OFF" (declared at line 25 of "..\wheels.h")
"../serial.c", line 73: warning #179-D: variable "i" was declared but never referenced
"../serial.c", line 74: warning #552-D: variable "iot_rx_wr_temp" was set but never used
"../serial.c", line 256: warning #179-D: variable "usb_value" was declared but never referenced
"../serial.c", line 308: warning #169-D: argument of type "volatile char *" is incompatible with parameter of type "char *__restrict__"
"../serial.c", line 308: warning #169-D: argument of type "char" is incompatible with parameter of type "const char *__restrict__"
"../serial.c", line 313: warning #169-D: argument of type "volatile char *" is incompatible with parameter of type "char *__restrict__"
"../serial.c", line 313: warning #169-D: argument of type "char" is incompatible with parameter of type "const char *__restrict__"
"../serial.c", line 38: remark #1535-D: (ULP 8.1) variable "pb_index" is used as a constant. Recommend declaring variable as either 'static const' or 'const'
"../serial.c", line 39: remark #1535-D: (ULP 8.1) variable "transmit_done" is used as a constant. Recommend declaring variable as either 'static const' or 'const'
"../serial.c", line 52: remark #1535-D: (ULP 8.1) variable "group2_flag" is used as a constant. Recommend declaring variable as either 'static const' or 'const'
"../serial.c", line 53: remark #1535-D: (ULP 8.1) variable "ping" is used as a constant. Recommend declaring variable as either 'static const' or 'const'
"../serial.c", line 58: remark #1535-D: (ULP 8.1) variable "moore" is used as a constant. Recommend declaring variable as either 'static const' or 'const'
Finished building: "../serial.c"
 
Building file: "../wheels.c"
Invoking: MSP430 Compiler
"C:/ti/ccs1280/ccs/tools/compiler/ti-cgt-msp430_21.6.1.LTS/bin/cl430" -vmspx --use_hw_mpy=F5 --include_path="C:/ti/ccs1280/ccs/ccs_base/msp430/include" --include_path="D:/Downloads/Programming/MSP430-ECE306/Project10K/Project03 cc" --include_path="C:/ti/ccs1280/ccs/tools/compiler/ti-cgt-msp430_21.6.1.LTS/include" --advice:power=all --advice:hw_config=all --define=__MSP430FR2355__ --define=_FRWP_ENABLE --define=_INFO_FRWP_ENABLE -g --printf_support=minimal --diag_warning=225 --diag_wrap=off --display_error_number --silicon_errata=CPU21 --silicon_errata=CPU22 --silicon_errata=CPU40 --preproc_with_compile --preproc_dependency="wheels.d_raw"  "../wheels.c"
"..\wheels.h", line 14: warning #48-D: incompatible redefinition of macro "TRAVEL_DISTANCE" (declared at line 53 of "..\macros.h")
"..\wheels.h", line 20: warning #48-D: incompatible redefinition of macro "FORWARD" (declared at line 17 of "..\ports.h")
"..\wheels.h", line 21: warning #48-D: incompatible redefinition of macro "REVERSE" (declared at line 18 of "..\ports.h")
"..\wheels.h", line 24: warning #48-D: incompatible redefinition of macro "FALSE" (declared at line 3 of "..\ports.h")
"..\wheels.h", line 32: warning #48-D: incompatible redefinition of macro "RIGHT" (declared at line 42 of "..\macros.h")
"..\wheels.h", line 33: warning #48-D: incompatible redefinition of macro "LEFT" (declared at line 32 of "..\macros.h")
"..\switches.h", line 12: warning #48-D: incompatible redefinition of macro "DEBOUNCE_RESTART" (declared at line 67 of "..\macros.h")
"..\switches.h", line 13: warning #48-D: incompatible redefinition of macro "DEBOUNCE_TIME" (declared at line 68 of "..\macros.h")
"..\switches.h", line 14: warning #48-D: incompatible redefinition of macro "NOT_OKAY" (declared at line 65 of "..\macros.h")
"..\switches.h", line 15: warning #48-D: incompatible redefinition of macro "OKAY" (declared at line 66 of "..\macros.h")
"..\switches.h", line 16: warning #48-D: incompatible redefinition of macro "OFF" (declared at line 25 of "..\wheels.h")
"../wheels.c", line 204: warning #225-D: function "Off_Case" declared implicitly
"../wheels.c", line 330: warning #225-D: function "Off_Case" declared implicitly
"../wheels.c", line 338: warning #161-D: declaration is incompatible with previous "Off_Case" (declared at line 204)
Finished building: "../wheels.c"
 
gmake: Target 'all' not remade because of errors.

**** Build Finished ****
